#
# A fatal error has been detected by the Java Runtime Environment:
#
#  EXCEPTION_ACCESS_VIOLATION (0xc0000005) at pc=0x1b9ffd03, pid=3668, tid=8468
#
# JRE version: Java(TM) SE Runtime Environment (8.0_66-b18) (build 1.8.0_66-b18)
# Java VM: Java HotSpot(TM) Client VM (25.66-b18 mixed mode, sharing windows-x86 )
# Problematic frame:
# C  0x1b9ffd03
#
# Failed to write core dump. Minidumps are not enabled by default on client versions of Windows
#
# If you would like to submit a bug report, please visit:
#   http://bugreport.java.com/bugreport/crash.jsp
# The crash happened outside the Java Virtual Machine in native code.
# See problematic frame for where to report the bug.
#

---------------  T H R E A D  ---------------

Current thread (0x00cc7400):  JavaThread "AWT-EventQueue-0" [_thread_in_native, id=8468, stack(0x1a7b0000,0x1a800000)]

siginfo: ExceptionCode=0xc0000005, reading address 0x63df1538

Registers:
EAX=0x1789ba80, EBX=0x1c0f0000, ECX=0x06040002, EDX=0x1baf1284
ESP=0x1a7feb40, EBP=0x1baf12e0, ESI=0x63df1538, EDI=0x120c0006
EIP=0x1b9ffd03, EFLAGS=0x00010206

Top of Stack: (sp=0x1a7feb40)
0x1a7feb40:   1baf12e0 1c25c020 00000000 1c0f0000
0x1a7feb50:   1a7fedd4 580ea8b1 1c0f0000 1789ba80
0x1a7feb60:   1baf1280 00000018 00001405 1c0f0000
0x1a7feb70:   1c25c020 00000000 1b77e618 1a7fedf8
0x1a7feb80:   1a7fecbc 5803a4c0 1c0f0000 1b77e618
0x1a7feb90:   1a7feca4 00000000 1b77e618 1c3e5f28
0x1a7feba0:   1c3e5f28 1c33d050 1a7fecc8 5803a8c4
0x1a7febb0:   1c3e5f28 1c33d050 00000000 1a7fecbc 

Instructions: (pc=0x1b9ffd03)
0x1b9ffce3:   8d 2c aa 89 2c 24 8b 0a 03 0d 00 f5 13 1c 83 c2
0x1b9ffcf3:   04 8b 35 80 0c 12 1c 8b 76 04 8d 3c 49 8d 34 be
0x1b9ffd03:   8b 3e 8b 6e 04 89 38 89 68 04 8b 7e 08 89 78 08
0x1b9ffd13:   83 c0 0c 3b 14 24 75 ce 8b 7c 24 04 8b 74 24 08 


Register to memory mapping:

EAX=0x1789ba80 is an unknown value
EBX=0x1c0f0000 is pointing into the stack for thread: 0x1baebc00
ECX=0x06040002 is an unallocated location in the heap
EDX=0x1baf1284 is an unknown value
ESP=0x1a7feb40 is pointing into the stack for thread: 0x00cc7400
EBP=0x1baf12e0 is an unknown value
ESI=0x63df1538 is an unknown value
EDI=0x120c0006 is an unallocated location in the heap


Stack: [0x1a7b0000,0x1a800000],  sp=0x1a7feb40,  free space=314k
Native frames: (J=compiled Java code, j=interpreted, Vv=VM code, C=native code)
C  0x1b9ffd03

Java frames: (J=compiled Java code, j=interpreted, Vv=VM code)
j  jogamp.opengl.gl4.GL4bcImpl.dispatch_glDrawElements1(IIILjava/lang/Object;IZJ)V+0
j  jogamp.opengl.gl4.GL4bcImpl.glDrawElements(IIILjava/nio/Buffer;)V+106
j  pkg.skapik.icp.assets.Skybox.draw(Ljavax/media/opengl/GL2;F)V+379
j  pkg.skapik.icp.func.Renderer.render(Ljavax/media/opengl/GLAutoDrawable;)V+181
j  pkg.skapik.icp.func.Renderer.display(Ljavax/media/opengl/GLAutoDrawable;)V+6
j  jogamp.opengl.GLDrawableHelper.display(Ljavax/media/opengl/GLAutoDrawable;)V+54
j  javax.media.opengl.awt.GLCanvas$DisplayAction.run()V+121
j  jogamp.opengl.GLDrawableHelper.invokeGL(Ljavax/media/opengl/GLDrawable;Ljavax/media/opengl/GLContext;Ljava/lang/Runnable;Ljava/lang/Runnable;)V+268
j  javax.media.opengl.awt.GLCanvas$DisplayOnEventDispatchThreadAction.run()V+35
j  java.awt.event.InvocationEvent.dispatch()V+11
j  java.awt.EventQueue.dispatchEventImpl(Ljava/awt/AWTEvent;Ljava/lang/Object;)V+21
j  java.awt.EventQueue.access$500(Ljava/awt/EventQueue;Ljava/awt/AWTEvent;Ljava/lang/Object;)V+3
j  java.awt.EventQueue$3.run()Ljava/lang/Void;+32
j  java.awt.EventQueue$3.run()Ljava/lang/Object;+1
v  ~StubRoutines::call_stub
j  java.security.AccessController.doPrivileged(Ljava/security/PrivilegedAction;Ljava/security/AccessControlContext;)Ljava/lang/Object;+0
j  java.security.ProtectionDomain$JavaSecurityAccessImpl.doIntersectionPrivilege(Ljava/security/PrivilegedAction;Ljava/security/AccessControlContext;Ljava/security/AccessControlContext;)Ljava/lang/Object;+18
j  java.awt.EventQueue.dispatchEvent(Ljava/awt/AWTEvent;)V+46
j  java.awt.EventDispatchThread.pumpOneEventForFilters(I)V+245
j  java.awt.EventDispatchThread.pumpEventsForFilter(ILjava/awt/Conditional;Ljava/awt/EventFilter;)V+35
j  java.awt.EventDispatchThread.pumpEventsForHierarchy(ILjava/awt/Conditional;Ljava/awt/Component;)V+11
j  java.awt.EventDispatchThread.pumpEvents(ILjava/awt/Conditional;)V+4
j  java.awt.EventDispatchThread.pumpEvents(Ljava/awt/Conditional;)V+3
j  java.awt.EventDispatchThread.run()V+9
v  ~StubRoutines::call_stub

---------------  P R O C E S S  ---------------

Java Threads: ( => current thread )
  0x1bae9c00 JavaThread "DestroyJavaVM" [_thread_blocked, id=5888, stack(0x00c10000,0x00c60000)]
  0x1baebc00 JavaThread "D3D Screen Updater" daemon [_thread_blocked, id=8800, stack(0x1c0a0000,0x1c0f0000)]
  0x00cc6800 JavaThread "Timer-0" [_thread_blocked, id=6652, stack(0x1b780000,0x1b7d0000)]
  0x00cc8800 JavaThread "main-SharedResourceRunner" daemon [_thread_blocked, id=8904, stack(0x1a840000,0x1a890000)]
=>0x00cc7400 JavaThread "AWT-EventQueue-0" [_thread_in_native, id=8468, stack(0x1a7b0000,0x1a800000)]
  0x00cc6000 JavaThread "AWT-Windows" daemon [_thread_in_native, id=7840, stack(0x15d00000,0x15d50000)]
  0x00cc8000 JavaThread "AWT-Shutdown" [_thread_blocked, id=3644, stack(0x15cb0000,0x15d00000)]
  0x00cc6c00 JavaThread "Java2D Disposer" daemon [_thread_blocked, id=6220, stack(0x15bd0000,0x15c20000)]
  0x00cc7800 JavaThread "Service Thread" daemon [_thread_blocked, id=8572, stack(0x15200000,0x15250000)]
  0x00ccbc00 JavaThread "C1 CompilerThread0" daemon [_thread_blocked, id=3596, stack(0x15170000,0x151c0000)]
  0x00cc5400 JavaThread "Attach Listener" daemon [_thread_blocked, id=6228, stack(0x150e0000,0x15130000)]
  0x00cc8c00 JavaThread "Signal Dispatcher" daemon [_thread_blocked, id=7532, stack(0x15050000,0x150a0000)]
  0x00cbb400 JavaThread "Finalizer" daemon [_thread_blocked, id=6356, stack(0x14ee0000,0x14f30000)]
  0x00cb6400 JavaThread "Reference Handler" daemon [_thread_blocked, id=588, stack(0x14e50000,0x14ea0000)]

Other Threads:
  0x00cb2800 VMThread [stack: 0x04390000,0x043e0000] [id=6508]
  0x00cff800 WatcherThread [stack: 0x15290000,0x152e0000] [id=7956]

VM state:not at safepoint (normal execution)

VM Mutex/Monitor currently owned by a thread: None

Heap:
 def new generation   total 11520K, used 275K [0x04400000, 0x05070000, 0x09950000)
  eden space 10304K,   2% used [0x04400000, 0x04444e18, 0x04e10000)
  from space 1216K,   0% used [0x04e10000, 0x04e10000, 0x04f40000)
  to   space 1216K,   0% used [0x04f40000, 0x04f40000, 0x05070000)
 tenured generation   total 62232K, used 52080K [0x09950000, 0x0d616000, 0x14400000)
   the space 62232K,  83% used [0x09950000, 0x0cc2c188, 0x0cc2c200, 0x0d616000)
 Metaspace       used 2975K, capacity 4769K, committed 4864K, reserved 5504K

Card table byte_map: [0x042c0000,0x04350000] byte_map_base: 0x0429e000

Polling page: 0x00c60000

CodeCache: size=32768Kb used=1050Kb max_used=1050Kb free=31717Kb
 bounds [0x02240000, 0x02348000, 0x04240000]
 total_blobs=686 nmethods=265 adapters=352
 compilation: enabled

Compilation events (10 events):
Event: 1.227 Thread 0x00ccbc00  260             java.lang.String::regionMatches (149 bytes)
Event: 1.228 Thread 0x00ccbc00 nmethod 260 0x02345188 code [0x02345300, 0x023455f0]
Event: 1.228 Thread 0x00ccbc00  261             java.net.URL::getFile (5 bytes)
Event: 1.228 Thread 0x00ccbc00 nmethod 261 0x02345a88 code [0x02345b80, 0x02345c00]
Event: 1.230 Thread 0x00ccbc00  262             java.util.concurrent.ConcurrentHashMap::putIfAbsent (8 bytes)
Event: 1.230 Thread 0x00ccbc00 nmethod 262 0x02345c48 code [0x02345d40, 0x02345ddc]
Event: 1.232 Thread 0x00ccbc00  263             java.util.Vector::elementData (7 bytes)
Event: 1.232 Thread 0x00ccbc00 nmethod 263 0x02345e48 code [0x02345f40, 0x02345fe0]
Event: 1.232 Thread 0x00ccbc00  264  s          java.util.Vector::elementAt (48 bytes)
Event: 1.233 Thread 0x00ccbc00 nmethod 264 0x02346088 code [0x023461d0, 0x023465dc]

GC Heap History (10 events):
Event: 0.551 GC heap before
{Heap before GC invocations=5 (full 0):
 def new generation   total 4928K, used 4642K [0x04400000, 0x04950000, 0x09950000)
  eden space 4416K, 100% used [0x04400000, 0x04850000, 0x04850000)
  from space 512K,  44% used [0x048d0000, 0x049089f8, 0x04950000)
  to   space 512K,   0% used [0x04850000, 0x04850000, 0x048d0000)
 tenured generation   total 10944K, used 1707K [0x09950000, 0x0a400000, 0x14400000)
   the space 10944K,  15% used [0x09950000, 0x09afaf68, 0x09afb000, 0x0a400000)
 Metaspace       used 2213K, capacity 4419K, committed 4480K, reserved 4480K
Event: 0.552 GC heap after
Heap after GC invocations=6 (full 0):
 def new generation   total 4928K, used 267K [0x04400000, 0x04950000, 0x09950000)
  eden space 4416K,   0% used [0x04400000, 0x04400000, 0x04850000)
  from space 512K,  52% used [0x04850000, 0x04892e90, 0x048d0000)
  to   space 512K,   0% used [0x048d0000, 0x048d0000, 0x04950000)
 tenured generation   total 10944K, used 1707K [0x09950000, 0x0a400000, 0x14400000)
   the space 10944K,  15% used [0x09950000, 0x09afaf68, 0x09afb000, 0x0a400000)
 Metaspace       used 2213K, capacity 4419K, committed 4480K, reserved 4480K
}
Event: 0.570 GC heap before
{Heap before GC invocations=6 (full 0):
 def new generation   total 4928K, used 4683K [0x04400000, 0x04950000, 0x09950000)
  eden space 4416K, 100% used [0x04400000, 0x04850000, 0x04850000)
  from space 512K,  52% used [0x04850000, 0x04892e90, 0x048d0000)
  to   space 512K,   0% used [0x048d0000, 0x048d0000, 0x04950000)
 tenured generation   total 10944K, used 1707K [0x09950000, 0x0a400000, 0x14400000)
   the space 10944K,  15% used [0x09950000, 0x09afaf68, 0x09afb000, 0x0a400000)
 Metaspace       used 2213K, capacity 4419K, committed 4480K, reserved 4480K
Event: 0.571 GC heap after
Heap after GC invocations=7 (full 0):
 def new generation   total 4928K, used 230K [0x04400000, 0x04950000, 0x09950000)
  eden space 4416K,   0% used [0x04400000, 0x04400000, 0x04850000)
  from space 512K,  45% used [0x048d0000, 0x04909b78, 0x04950000)
  to   space 512K,   0% used [0x04850000, 0x04850000, 0x048d0000)
 tenured generation   total 10944K, used 1785K [0x09950000, 0x0a400000, 0x14400000)
   the space 10944K,  16% used [0x09950000, 0x09b0e678, 0x09b0e800, 0x0a400000)
 Metaspace       used 2213K, capacity 4419K, committed 4480K, reserved 4480K
}
Event: 0.589 GC heap before
{Heap before GC invocations=7 (full 0):
 def new generation   total 4928K, used 4638K [0x04400000, 0x04950000, 0x09950000)
  eden space 4416K,  99% used [0x04400000, 0x0484ddd0, 0x04850000)
  from space 512K,  45% used [0x048d0000, 0x04909b78, 0x04950000)
  to   space 512K,   0% used [0x04850000, 0x04850000, 0x048d0000)
 tenured generation   total 10944K, used 1785K [0x09950000, 0x0a400000, 0x14400000)
   the space 10944K,  16% used [0x09950000, 0x09b0e678, 0x09b0e800, 0x0a400000)
 Metaspace       used 2213K, capacity 4419K, committed 4480K, reserved 4480K
Event: 0.589 GC heap after
Heap after GC invocations=8 (full 0):
 def new generation   total 4928K, used 213K [0x04400000, 0x04950000, 0x09950000)
  eden space 4416K,   0% used [0x04400000, 0x04400000, 0x04850000)
  from space 512K,  41% used [0x04850000, 0x04885530, 0x048d0000)
  to   space 512K,   0% used [0x048d0000, 0x048d0000, 0x04950000)
 tenured generation   total 10944K, used 1785K [0x09950000, 0x0a400000, 0x14400000)
   the space 10944K,  16% used [0x09950000, 0x09b0e678, 0x09b0e800, 0x0a400000)
 Metaspace       used 2213K, capacity 4419K, committed 4480K, reserved 4480K
}
Event: 1.209 GC heap before
{Heap before GC invocations=8 (full 0):
 def new generation   total 4928K, used 2843K [0x04400000, 0x04950000, 0x09950000)
  eden space 4416K,  59% used [0x04400000, 0x04691780, 0x04850000)
  from space 512K,  41% used [0x04850000, 0x04885530, 0x048d0000)
  to   space 512K,   0% used [0x048d0000, 0x048d0000, 0x04950000)
 tenured generation   total 10944K, used 1785K [0x09950000, 0x0a400000, 0x14400000)
   the space 10944K,  16% used [0x09950000, 0x09b0e678, 0x09b0e800, 0x0a400000)
 Metaspace       used 2884K, capacity 4705K, committed 4736K, reserved 5504K
Event: 1.218 GC heap after
Heap after GC invocations=9 (full 1):
 def new generation   total 4992K, used 0K [0x04400000, 0x04960000, 0x09950000)
  eden space 4480K,   0% used [0x04400000, 0x04400000, 0x04860000)
  from space 512K,   0% used [0x04860000, 0x04860000, 0x048e0000)
  to   space 512K,   0% used [0x048e0000, 0x048e0000, 0x04960000)
 tenured generation   total 10944K, used 2834K [0x09950000, 0x0a400000, 0x14400000)
   the space 10944K,  25% used [0x09950000, 0x09c14980, 0x09c14a00, 0x0a400000)
 Metaspace       used 2884K, capacity 4705K, committed 4736K, reserved 5504K
}
Event: 1.434 GC heap before
{Heap before GC invocations=9 (full 1):
 def new generation   total 4992K, used 559K [0x04400000, 0x04960000, 0x09950000)
  eden space 4480K,  12% used [0x04400000, 0x0448bef0, 0x04860000)
  from space 512K,   0% used [0x04860000, 0x04860000, 0x048e0000)
  to   space 512K,   0% used [0x048e0000, 0x048e0000, 0x04960000)
 tenured generation   total 23236K, used 15122K [0x09950000, 0x0b001000, 0x14400000)
   the space 23236K,  65% used [0x09950000, 0x0a814990, 0x0a814a00, 0x0b001000)
 Metaspace       used 2953K, capacity 4769K, committed 4864K, reserved 5504K
Event: 1.440 GC heap after
Heap after GC invocations=10 (full 2):
 def new generation   total 11520K, used 0K [0x04400000, 0x05070000, 0x09950000)
  eden space 10304K,   0% used [0x04400000, 0x04400000, 0x04e10000)
  from space 1216K,   0% used [0x04e10000, 0x04e10000, 0x04f40000)
  to   space 1216K,   0% used [0x04f40000, 0x04f40000, 0x05070000)
 tenured generation   total 25364K, used 15216K [0x09950000, 0x0b215000, 0x14400000)
   the space 25364K,  59% used [0x09950000, 0x0a82c178, 0x0a82c200, 0x0b215000)
 Metaspace       used 2953K, capacity 4769K, committed 4864K, reserved 5504K
}

Deoptimization events (0 events):
No events

Internal exceptions (10 events):
Event: 0.080 Thread 0x00b5c400 Exception <a 'java/security/PrivilegedActionException'> (0x0452bd98) thrown at [C:\re\workspace\8-2-build-windows-i586-cygwin\jdk8u66\5298\hotspot\src\share\vm\prims\jvm.cpp, line 1386]
Event: 0.080 Thread 0x00b5c400 Exception <a 'java/security/PrivilegedActionException'> (0x0452bf98) thrown at [C:\re\workspace\8-2-build-windows-i586-cygwin\jdk8u66\5298\hotspot\src\share\vm\prims\jvm.cpp, line 1386]
Event: 0.081 Thread 0x00b5c400 Exception <a 'java/security/PrivilegedActionException'> (0x0452ff38) thrown at [C:\re\workspace\8-2-build-windows-i586-cygwin\jdk8u66\5298\hotspot\src\share\vm\prims\jvm.cpp, line 1386]
Event: 0.081 Thread 0x00b5c400 Exception <a 'java/security/PrivilegedActionException'> (0x04530138) thrown at [C:\re\workspace\8-2-build-windows-i586-cygwin\jdk8u66\5298\hotspot\src\share\vm\prims\jvm.cpp, line 1386]
Event: 0.083 Thread 0x00b5c400 Exception <a 'java/io/FileNotFoundException'> (0x04532240) thrown at [C:\re\workspace\8-2-build-windows-i586-cygwin\jdk8u66\5298\hotspot\src\share\vm\prims\jni.cpp, line 709]
Event: 0.110 Thread 0x00b5c400 Exception <a 'java/lang/NoSuchFieldError': method resolution failed> (0x045edb18) thrown at [C:\re\workspace\8-2-build-windows-i586-cygwin\jdk8u66\5298\hotspot\src\share\vm\prims\methodHandles.cpp, line 1146]
Event: 0.111 Thread 0x00b5c400 Exception <a 'java/lang/NoSuchFieldError': method resolution failed> (0x045f9cb8) thrown at [C:\re\workspace\8-2-build-windows-i586-cygwin\jdk8u66\5298\hotspot\src\share\vm\prims\methodHandles.cpp, line 1146]
Event: 0.129 Thread 0x00b5c400 Exception <a 'java/io/FileNotFoundException'> (0x046768c0) thrown at [C:\re\workspace\8-2-build-windows-i586-cygwin\jdk8u66\5298\hotspot\src\share\vm\prims\jni.cpp, line 709]
Event: 0.208 Thread 0x00b5c400 Exception <a 'java/lang/NullPointerException'> (0x0479db88) thrown at [C:\re\workspace\8-2-build-windows-i586-cygwin\jdk8u66\5298\hotspot\src\share\vm\interpreter\linkResolver.cpp, line 1178]
Event: 0.649 Thread 0x00b5c400 Exception <a 'java/lang/reflect/InvocationTargetException'> (0x045891f0) thrown at [C:\re\workspace\8-2-build-windows-i586-cygwin\jdk8u66\5298\hotspot\src\share\vm\runtime\reflection.cpp, line 1092]

Events (10 events):
Event: 1.434 Executing VM operation: GenCollectForAllocation
Event: 1.440 Executing VM operation: GenCollectForAllocation done
Event: 1.510 loading class pkg/skapik/icp/assets/Skybox
Event: 1.510 loading class pkg/skapik/icp/assets/Skybox done
Event: 1.510 loading class java/nio/DirectFloatBufferS
Event: 1.524 loading class java/nio/DirectFloatBufferS done
Event: 1.524 loading class java/nio/DirectIntBufferS
Event: 1.524 loading class java/nio/DirectIntBufferS done
Event: 1.541 loading class java/nio/DirectByteBufferR
Event: 1.558 loading class java/nio/DirectByteBufferR done


Dynamic libraries:
0x00e00000 - 0x00e33000 	C:\Program Files (x86)\Java\jre1.8.0_66\bin\javaw.exe
0x77760000 - 0x778d9000 	C:\Windows\SYSTEM32\ntdll.dll
0x74ec0000 - 0x74fb0000 	C:\Windows\SYSTEM32\KERNEL32.DLL
0x774c0000 - 0x77636000 	C:\Windows\SYSTEM32\KERNELBASE.dll
0x750c0000 - 0x7513b000 	C:\Windows\SYSTEM32\ADVAPI32.dll
0x74890000 - 0x7494e000 	C:\Windows\SYSTEM32\msvcrt.dll
0x773d0000 - 0x77413000 	C:\Windows\SYSTEM32\sechost.dll
0x767e0000 - 0x7688c000 	C:\Windows\SYSTEM32\RPCRT4.dll
0x74870000 - 0x7488e000 	C:\Windows\SYSTEM32\SspiCli.dll
0x74860000 - 0x7486a000 	C:\Windows\SYSTEM32\CRYPTBASE.dll
0x74800000 - 0x74859000 	C:\Windows\SYSTEM32\bcryptPrimitives.dll
0x766a0000 - 0x767e0000 	C:\Windows\SYSTEM32\USER32.dll
0x76ce0000 - 0x76e2d000 	C:\Windows\SYSTEM32\GDI32.dll
0x71410000 - 0x71619000 	C:\Windows\WinSxS\x86_microsoft.windows.common-controls_6595b64144ccf1df_6.0.10240.16384_none_3bccb1ff6bcd1849\COMCTL32.dll
0x77640000 - 0x7766b000 	C:\Windows\SYSTEM32\IMM32.DLL
0x74c60000 - 0x74d80000 	C:\Windows\SYSTEM32\MSCTF.dll
0x5ad30000 - 0x5adef000 	C:\Program Files (x86)\Java\jre1.8.0_66\bin\msvcr100.dll
0x5b090000 - 0x5b455000 	C:\Program Files (x86)\Java\jre1.8.0_66\bin\client\jvm.dll
0x749e0000 - 0x749e6000 	C:\Windows\SYSTEM32\PSAPI.DLL
0x71ee0000 - 0x71ee8000 	C:\Windows\SYSTEM32\WSOCK32.dll
0x768f0000 - 0x7694c000 	C:\Windows\SYSTEM32\WS2_32.dll
0x76950000 - 0x76957000 	C:\Windows\SYSTEM32\NSI.dll
0x747f0000 - 0x747f8000 	C:\Windows\SYSTEM32\VERSION.dll
0x71290000 - 0x712b4000 	C:\Windows\SYSTEM32\WINMM.dll
0x71260000 - 0x71283000 	C:\Windows\SYSTEM32\WINMMBASE.dll
0x74e20000 - 0x74e56000 	C:\Windows\SYSTEM32\cfgmgr32.dll
0x74730000 - 0x74751000 	C:\Windows\SYSTEM32\DEVOBJ.dll
0x600b0000 - 0x600bc000 	C:\Program Files (x86)\Java\jre1.8.0_66\bin\verify.dll
0x60080000 - 0x600a1000 	C:\Program Files (x86)\Java\jre1.8.0_66\bin\java.dll
0x60060000 - 0x60073000 	C:\Program Files (x86)\Java\jre1.8.0_66\bin\zip.dll
0x75140000 - 0x764fe000 	C:\Windows\SYSTEM32\SHELL32.dll
0x76ef0000 - 0x773cc000 	C:\Windows\SYSTEM32\windows.storage.dll
0x76970000 - 0x76b2a000 	C:\Windows\SYSTEM32\combase.dll
0x77470000 - 0x774b4000 	C:\Windows\SYSTEM32\shlwapi.dll
0x75090000 - 0x7509c000 	C:\Windows\SYSTEM32\kernel.appcore.dll
0x75000000 - 0x7508d000 	C:\Windows\SYSTEM32\shcore.dll
0x77420000 - 0x77464000 	C:\Windows\SYSTEM32\powrprof.dll
0x76960000 - 0x7696f000 	C:\Windows\SYSTEM32\profapi.dll
0x587f0000 - 0x59c5b000 	C:\opencv\build\java\x86\opencv_java300.dll
0x77670000 - 0x7775a000 	C:\Windows\SYSTEM32\ole32.dll
0x5ace0000 - 0x5ad03000 	C:\Windows\SYSTEM32\MSVFW32.dll
0x5c980000 - 0x5c99c000 	C:\Windows\SYSTEM32\AVIFIL32.dll
0x74d80000 - 0x74e12000 	C:\Windows\SYSTEM32\OLEAUT32.dll
0x5ad10000 - 0x5ad24000 	C:\Windows\SYSTEM32\AVICAP32.dll
0x613f0000 - 0x61408000 	C:\Windows\SYSTEM32\MSACM32.dll
0x5ab90000 - 0x5acd5000 	C:\Program Files (x86)\Java\jre1.8.0_66\bin\awt.dll
0x6e530000 - 0x6e5c1000 	C:\Windows\system32\apphelp.dll
0x70be0000 - 0x70bfd000 	C:\Windows\system32\DWMAPI.DLL
0x71100000 - 0x71175000 	C:\Windows\system32\uxtheme.dll
0x6fc70000 - 0x6fe3c000 	C:\Windows\system32\d3d9.dll
0x6ecf0000 - 0x6f8f3000 	C:\Windows\SYSTEM32\nvd3dum.dll
0x15e20000 - 0x15f7c000 	C:\Windows\system32\nvspcap.dll
0x76b30000 - 0x76cd5000 	C:\Windows\SYSTEM32\SETUPAPI.dll
0x74540000 - 0x745e7000 	C:\Windows\SYSTEM32\WINHTTP.dll
0x6e9d0000 - 0x6ece1000 	C:\Windows\system32\nvapi.dll
0x5fa80000 - 0x5fbaf000 	C:\Program Files (x86)\NVIDIA Corporation\3D Vision\nvSCPAPI.dll
0x637c0000 - 0x637ca000 	C:\jogl-2.0-b23-20110303-windows-i586\lib\gluegen-rt.dll
0x600c0000 - 0x600c6000 	C:\Program Files (x86)\Java\jre1.8.0_66\bin\jawt.dll
0x6a440000 - 0x6a44a000 	C:\jogl-2.0-b23-20110303-windows-i586\lib\nativewindow_awt.dll
0x6c100000 - 0x6c110000 	C:\jogl-2.0-b23-20110303-windows-i586\lib\nativewindow_win32.dll
0x653a0000 - 0x65480000 	C:\Windows\SYSTEM32\OpenGL32.dll
0x64af0000 - 0x64b15000 	C:\Windows\SYSTEM32\GLU32.dll
0x64a00000 - 0x64aeb000 	C:\Windows\SYSTEM32\DDRAW.dll
0x649f0000 - 0x649f7000 	C:\Windows\SYSTEM32\DCIMAN32.dll
0x64500000 - 0x6456d000 	C:\jogl-2.0-b23-20110303-windows-i586\lib\jogl_desktop.dll
0x57610000 - 0x587e7000 	C:\Windows\SYSTEM32\nvoglv32.DLL
0x71930000 - 0x7193f000 	C:\Windows\SYSTEM32\WTSAPI32.dll
0x74fb0000 - 0x74ff2000 	C:\Windows\SYSTEM32\WINTRUST.dll
0x76500000 - 0x7650e000 	C:\Windows\SYSTEM32\MSASN1.dll
0x76510000 - 0x76685000 	C:\Windows\SYSTEM32\CRYPT32.dll
0x74700000 - 0x74728000 	C:\Windows\SYSTEM32\ntmarta.dll
0x716b0000 - 0x716f4000 	C:\Windows\SYSTEM32\WINSTA.dll
0x5ab50000 - 0x5ab89000 	C:\Program Files (x86)\Java\jre1.8.0_66\bin\fontmanager.dll
0x66940000 - 0x66977000 	C:\Program Files\ASUS\Bluetooth Software\SysWOW64\BtMmHook.dll
0x70fc0000 - 0x710ff000 	C:\Windows\SYSTEM32\dbghelp.dll

VM Arguments:
jvm_args: -Djava.library.path=C:\jogl-2.0-b23-20110303-windows-i586\lib;C:\jogl-2.0-b23-20110303-windows-i586\lib;C:\jogl-2.0-b23-20110303-windows-i586\lib;C:\jogl-2.0-b23-20110303-windows-i586\lib;C:\opencv\build\java\x86 -Dfile.encoding=Cp1252 
java_command: pkg.skapik.icp.main.Game
java_class_path (initial): E:\Workspace\Game\bin;C:\jogl-2.0-b23-20110303-windows-i586\jar\gluegen-rt.jar;C:\jogl-2.0-b23-20110303-windows-i586\jar\jogl.all.jar;C:\jogl-2.0-b23-20110303-windows-i586\jar\nativewindow.all.jar;C:\jogl-2.0-b23-20110303-windows-i586\jar\newt.all.jar;C:\opencv\build\java\opencv-300.jar
Launcher Type: SUN_STANDARD

Environment Variables:
PATH=C:/Program Files (x86)/Java/jre1.8.0_66/bin/client;C:/Program Files (x86)/Java/jre1.8.0_66/bin;C:/Program Files (x86)/Java/jre1.8.0_66/lib/i386;C:\ProgramData\Oracle\Java\javapath;C:\Windows\system32;C:\Windows;C:\Windows\System32\Wbem;C:\Windows\System32\WindowsPowerShell\v1.0\;C:\Program Files (x86)\NVIDIA Corporation\PhysX\Common;C:\Program Files (x86)\Skype\Phone\;C:\Program Files\ASUS\Bluetooth Software\;C:\Program Files\ASUS\Bluetooth Software\syswow64;C:\Program Files (x86)\Windows Kits\8.1\Windows Performance Toolkit\;C:\Program Files\Microsoft SQL Server\110\Tools\Binn\;C:\Program Files (x86)\Microsoft SDKs\TypeScript\1.0\;C:\Program Files\Microsoft SQL Server\120\Tools\Binn\;C:\eclipse;
USERNAME=sauCEPan
OS=Windows_NT
PROCESSOR_IDENTIFIER=Intel64 Family 6 Model 58 Stepping 9, GenuineIntel



---------------  S Y S T E M  ---------------

OS: Windows 10.0 , 64 bit Build 10240 (10.0.10240.16384)

CPU:total 4 (4 cores per cpu, 1 threads per core) family 6 model 58 stepping 9, cmov, cx8, fxsr, mmx, sse, sse2, sse3, ssse3, sse4.1, sse4.2, popcnt, avx, aes, clmul, erms, tsc, tscinvbit, tscinv

Memory: 4k page, physical 8351212k(4600728k free), swap 14642668k(10198288k free)

vm_info: Java HotSpot(TM) Client VM (25.66-b18) for windows-x86 JRE (1.8.0_66-b18), built on Nov  9 2015 10:58:29 by "java_re" with MS VC++ 10.0 (VS2010)

time: Wed Dec 09 19:52:21 2015
elapsed time: 1 seconds (0d 0h 0m 1s)

