#
# A fatal error has been detected by the Java Runtime Environment:
#
#  EXCEPTION_ACCESS_VIOLATION (0xc0000005) at pc=0x1a51faf4, pid=10476, tid=7464
#
# JRE version: Java(TM) SE Runtime Environment (8.0_66-b18) (build 1.8.0_66-b18)
# Java VM: Java HotSpot(TM) Client VM (25.66-b18 mixed mode, sharing windows-x86 )
# Problematic frame:
# C  0x1a51faf4
#
# Failed to write core dump. Minidumps are not enabled by default on client versions of Windows
#
# If you would like to submit a bug report, please visit:
#   http://bugreport.java.com/bugreport/crash.jsp
# The crash happened outside the Java Virtual Machine in native code.
# See problematic frame for where to report the bug.
#

---------------  T H R E A D  ---------------

Current thread (0x15079000):  JavaThread "AWT-EventQueue-0" [_thread_in_native, id=7464, stack(0x16010000,0x16060000)]

siginfo: ExceptionCode=0xc0000005, reading address 0x1a7a2000

Registers:
EAX=0x175ea8bc, EBX=0x1b3e0000, ECX=0x000000ff, EDX=0x00000021
ESP=0x1605ea34, EBP=0x3d820000, ESI=0x1a7a1ffc, EDI=0x0017d000
EIP=0x1a51faf4, EFLAGS=0x00010206

Top of Stack: (sp=0x1605ea34)
0x1605ea34:   00000002 00000120 1b3e0000 1c009020
0x1605ea44:   1605ea7c 5964bbb2 1b3e0000 175e94d0
0x1605ea54:   00000000 00000120 1c009020 1b3e0000
0x1605ea64:   00000007 1c009020 1b410380 175e94d0
0x1605ea74:   00000000 00000000 1605ea9c 59648b26
0x1605ea84:   003e0000 00000007 00000000 00000120
0x1605ea94:   00000080 1b3e0000 1605eac8 58cb4ec9
0x1605eaa4:   1b3e0000 00000007 00000000 00000120 

Instructions: (pc=0x1a51faf4)
0x1a51fad4:   5c 24 18 8b 44 24 1c 8b 4c 24 20 8b 54 24 24 8b
0x1a51fae4:   35 80 0c 41 1b 8b 76 04 8d 3c 49 8d 34 be 8b 3e
0x1a51faf4:   8b 6e 04 89 38 89 68 04 8b 7e 08 89 78 08 8b 35
0x1a51fb04:   80 0c 41 1b 8b b6 44 01 00 00 8d 34 ce 8b 3e 8b 


Register to memory mapping:

EAX=0x175ea8bc is an unknown value
EBX=0x1b3e0000 is an unknown value
ECX=0x000000ff is an unknown value
EDX=0x00000021 is an unknown value
ESP=0x1605ea34 is pointing into the stack for thread: 0x15079000
EBP=0x3d820000 is an unknown value
ESI=0x1a7a1ffc is an unknown value
EDI=0x0017d000 is an unknown value


Stack: [0x16010000,0x16060000],  sp=0x1605ea34,  free space=314k
Native frames: (J=compiled Java code, j=interpreted, Vv=VM code, C=native code)
C  0x1a51faf4

Java frames: (J=compiled Java code, j=interpreted, Vv=VM code)
j  jogamp.opengl.gl4.GL4bcImpl.dispatch_glDrawArrays1(IIIJ)V+0
j  jogamp.opengl.gl4.GL4bcImpl.glDrawArrays(III)V+39
j  pkg.skapik.icp.assets.Block.draw(Ljavax/media/opengl/GL2;F)V+82
j  pkg.skapik.icp.func.Renderer.draw_world()V+97
j  pkg.skapik.icp.func.Renderer.render(Ljavax/media/opengl/GLAutoDrawable;)V+187
j  pkg.skapik.icp.func.Renderer.display(Ljavax/media/opengl/GLAutoDrawable;)V+6
j  jogamp.opengl.GLDrawableHelper.display(Ljavax/media/opengl/GLAutoDrawable;)V+54
j  javax.media.opengl.awt.GLCanvas$DisplayAction.run()V+121
j  jogamp.opengl.GLDrawableHelper.invokeGL(Ljavax/media/opengl/GLDrawable;Ljavax/media/opengl/GLContext;Ljava/lang/Runnable;Ljava/lang/Runnable;)V+268
j  javax.media.opengl.awt.GLCanvas$DisplayOnEventDispatchThreadAction.run()V+35
j  java.awt.event.InvocationEvent.dispatch()V+11
j  java.awt.EventQueue.dispatchEventImpl(Ljava/awt/AWTEvent;Ljava/lang/Object;)V+21
j  java.awt.EventQueue.access$500(Ljava/awt/EventQueue;Ljava/awt/AWTEvent;Ljava/lang/Object;)V+3
j  java.awt.EventQueue$3.run()Ljava/lang/Void;+32
j  java.awt.EventQueue$3.run()Ljava/lang/Object;+1
v  ~StubRoutines::call_stub
j  java.security.AccessController.doPrivileged(Ljava/security/PrivilegedAction;Ljava/security/AccessControlContext;)Ljava/lang/Object;+0
j  java.security.ProtectionDomain$JavaSecurityAccessImpl.doIntersectionPrivilege(Ljava/security/PrivilegedAction;Ljava/security/AccessControlContext;Ljava/security/AccessControlContext;)Ljava/lang/Object;+18
j  java.awt.EventQueue.dispatchEvent(Ljava/awt/AWTEvent;)V+46
j  java.awt.EventDispatchThread.pumpOneEventForFilters(I)V+245
j  java.awt.EventDispatchThread.pumpEventsForFilter(ILjava/awt/Conditional;Ljava/awt/EventFilter;)V+35
j  java.awt.EventDispatchThread.pumpEventsForHierarchy(ILjava/awt/Conditional;Ljava/awt/Component;)V+11
j  java.awt.EventDispatchThread.pumpEvents(ILjava/awt/Conditional;)V+4
j  java.awt.EventDispatchThread.pumpEvents(Ljava/awt/Conditional;)V+3
j  java.awt.EventDispatchThread.run()V+9
v  ~StubRoutines::call_stub

---------------  P R O C E S S  ---------------

Java Threads: ( => current thread )
  0x004ac400 JavaThread "DestroyJavaVM" [_thread_blocked, id=7676, stack(0x008d0000,0x00920000)]
  0x1a792400 JavaThread "D3D Screen Updater" daemon [_thread_blocked, id=5004, stack(0x1aec0000,0x1af10000)]
  0x151b7800 JavaThread "Timer-0" [_thread_blocked, id=3684, stack(0x1abc0000,0x1ac10000)]
  0x15155400 JavaThread "main-SharedResourceRunner" daemon [_thread_blocked, id=10788, stack(0x1acf0000,0x1ad40000)]
=>0x15079000 JavaThread "AWT-EventQueue-0" [_thread_in_native, id=7464, stack(0x16010000,0x16060000)]
  0x15054000 JavaThread "AWT-Windows" daemon [_thread_in_native, id=5036, stack(0x159d0000,0x15a20000)]
  0x15053400 JavaThread "AWT-Shutdown" [_thread_blocked, id=4696, stack(0x153a0000,0x153f0000)]
  0x15052800 JavaThread "Java2D Disposer" daemon [_thread_blocked, id=8340, stack(0x152e0000,0x15330000)]
  0x00977c00 JavaThread "Service Thread" daemon [_thread_blocked, id=9540, stack(0x14ee0000,0x14f30000)]
  0x00958400 JavaThread "C1 CompilerThread0" daemon [_thread_blocked, id=7608, stack(0x14e50000,0x14ea0000)]
  0x00957400 JavaThread "Attach Listener" daemon [_thread_blocked, id=5944, stack(0x14800000,0x14850000)]
  0x00955400 JavaThread "Signal Dispatcher" daemon [_thread_blocked, id=8672, stack(0x04750000,0x047a0000)]
  0x0094b400 JavaThread "Finalizer" daemon [_thread_blocked, id=7200, stack(0x01170000,0x011c0000)]
  0x00946400 JavaThread "Reference Handler" daemon [_thread_blocked, id=4072, stack(0x010e0000,0x01130000)]

Other Threads:
  0x00942800 VMThread [stack: 0x01050000,0x010a0000] [id=984]
  0x0098d400 WatcherThread [stack: 0x14f70000,0x14fc0000] [id=1820]

VM state:not at safepoint (normal execution)

VM Mutex/Monitor currently owned by a thread: None

Heap:
 def new generation   total 11520K, used 414K [0x04800000, 0x05470000, 0x09d50000)
  eden space 10304K,   4% used [0x04800000, 0x04867a58, 0x05210000)
  from space 1216K,   0% used [0x05210000, 0x05210000, 0x05340000)
  to   space 1216K,   0% used [0x05340000, 0x05340000, 0x05470000)
 tenured generation   total 62232K, used 52080K [0x09d50000, 0x0da16000, 0x14800000)
   the space 62232K,  83% used [0x09d50000, 0x0d02c178, 0x0d02c200, 0x0da16000)
 Metaspace       used 2975K, capacity 4769K, committed 4864K, reserved 5504K

Card table byte_map: [0x00b20000,0x00bb0000] byte_map_base: 0x00afc000

Polling page: 0x00400000

CodeCache: size=32768Kb used=1068Kb max_used=1068Kb free=31699Kb
 bounds [0x026f0000, 0x02800000, 0x046f0000]
 total_blobs=700 nmethods=278 adapters=353
 compilation: enabled

Compilation events (10 events):
Event: 1.738 Thread 0x00958400 nmethod 271 0x027f7bc8 code [0x027f7cc0, 0x027f7dd0]
Event: 1.738 Thread 0x00958400  272             pkg.skapik.icp.assets.World_generator::select_by_chance (19 bytes)
Event: 1.738 Thread 0x00958400 nmethod 272 0x027f7e08 code [0x027f7f30, 0x027f80a4]
Event: 1.738 Thread 0x00958400  273 %           pkg.skapik.icp.assets.World_generator::<init> @ 356 (396 bytes)
Event: 1.739 Thread 0x00958400 nmethod 273% 0x027f81c8 code [0x027f8440, 0x027f8f38]
Event: 1.768 Thread 0x00958400  274             java.nio.Buffer::nextPutIndex (31 bytes)
Event: 1.768 Thread 0x00958400 nmethod 274 0x027fa788 code [0x027fa890, 0x027fa96c]
Event: 1.768 Thread 0x00958400  275             java.nio.DirectFloatBufferU::ix (10 bytes)
Event: 1.768 Thread 0x00958400 nmethod 275 0x027faa08 code [0x027fab00, 0x027fabb0]
Event: 1.768 Thread 0x00958400  276             jogamp.opengl.GLContextImpl::getGLProcAddressTable (5 bytes)

GC Heap History (10 events):
Event: 0.686 GC heap before
{Heap before GC invocations=5 (full 0):
 def new generation   total 4928K, used 4642K [0x04800000, 0x04d50000, 0x09d50000)
  eden space 4416K, 100% used [0x04800000, 0x04c50000, 0x04c50000)
  from space 512K,  44% used [0x04cd0000, 0x04d089d0, 0x04d50000)
  to   space 512K,   0% used [0x04c50000, 0x04c50000, 0x04cd0000)
 tenured generation   total 10944K, used 1707K [0x09d50000, 0x0a800000, 0x14800000)
   the space 10944K,  15% used [0x09d50000, 0x09efaf68, 0x09efb000, 0x0a800000)
 Metaspace       used 2213K, capacity 4419K, committed 4480K, reserved 4480K
Event: 0.687 GC heap after
Heap after GC invocations=6 (full 0):
 def new generation   total 4928K, used 267K [0x04800000, 0x04d50000, 0x09d50000)
  eden space 4416K,   0% used [0x04800000, 0x04800000, 0x04c50000)
  from space 512K,  52% used [0x04c50000, 0x04c92ee0, 0x04cd0000)
  to   space 512K,   0% used [0x04cd0000, 0x04cd0000, 0x04d50000)
 tenured generation   total 10944K, used 1707K [0x09d50000, 0x0a800000, 0x14800000)
   the space 10944K,  15% used [0x09d50000, 0x09efaf68, 0x09efb000, 0x0a800000)
 Metaspace       used 2213K, capacity 4419K, committed 4480K, reserved 4480K
}
Event: 0.708 GC heap before
{Heap before GC invocations=6 (full 0):
 def new generation   total 4928K, used 4683K [0x04800000, 0x04d50000, 0x09d50000)
  eden space 4416K, 100% used [0x04800000, 0x04c50000, 0x04c50000)
  from space 512K,  52% used [0x04c50000, 0x04c92ee0, 0x04cd0000)
  to   space 512K,   0% used [0x04cd0000, 0x04cd0000, 0x04d50000)
 tenured generation   total 10944K, used 1707K [0x09d50000, 0x0a800000, 0x14800000)
   the space 10944K,  15% used [0x09d50000, 0x09efaf68, 0x09efb000, 0x0a800000)
 Metaspace       used 2213K, capacity 4419K, committed 4480K, reserved 4480K
Event: 0.709 GC heap after
Heap after GC invocations=7 (full 0):
 def new generation   total 4928K, used 230K [0x04800000, 0x04d50000, 0x09d50000)
  eden space 4416K,   0% used [0x04800000, 0x04800000, 0x04c50000)
  from space 512K,  45% used [0x04cd0000, 0x04d09bc0, 0x04d50000)
  to   space 512K,   0% used [0x04c50000, 0x04c50000, 0x04cd0000)
 tenured generation   total 10944K, used 1785K [0x09d50000, 0x0a800000, 0x14800000)
   the space 10944K,  16% used [0x09d50000, 0x09f0e678, 0x09f0e800, 0x0a800000)
 Metaspace       used 2213K, capacity 4419K, committed 4480K, reserved 4480K
}
Event: 0.734 GC heap before
{Heap before GC invocations=7 (full 0):
 def new generation   total 4928K, used 4642K [0x04800000, 0x04d50000, 0x09d50000)
  eden space 4416K,  99% used [0x04800000, 0x04c4ecf8, 0x04c50000)
  from space 512K,  45% used [0x04cd0000, 0x04d09bc0, 0x04d50000)
  to   space 512K,   0% used [0x04c50000, 0x04c50000, 0x04cd0000)
 tenured generation   total 10944K, used 1785K [0x09d50000, 0x0a800000, 0x14800000)
   the space 10944K,  16% used [0x09d50000, 0x09f0e678, 0x09f0e800, 0x0a800000)
 Metaspace       used 2213K, capacity 4419K, committed 4480K, reserved 4480K
Event: 0.735 GC heap after
Heap after GC invocations=8 (full 0):
 def new generation   total 4928K, used 213K [0x04800000, 0x04d50000, 0x09d50000)
  eden space 4416K,   0% used [0x04800000, 0x04800000, 0x04c50000)
  from space 512K,  41% used [0x04c50000, 0x04c85530, 0x04cd0000)
  to   space 512K,   0% used [0x04cd0000, 0x04cd0000, 0x04d50000)
 tenured generation   total 10944K, used 1785K [0x09d50000, 0x0a800000, 0x14800000)
   the space 10944K,  16% used [0x09d50000, 0x09f0e678, 0x09f0e800, 0x0a800000)
 Metaspace       used 2213K, capacity 4419K, committed 4480K, reserved 4480K
}
Event: 1.407 GC heap before
{Heap before GC invocations=8 (full 0):
 def new generation   total 4928K, used 2842K [0x04800000, 0x04d50000, 0x09d50000)
  eden space 4416K,  59% used [0x04800000, 0x04a91648, 0x04c50000)
  from space 512K,  41% used [0x04c50000, 0x04c85530, 0x04cd0000)
  to   space 512K,   0% used [0x04cd0000, 0x04cd0000, 0x04d50000)
 tenured generation   total 10944K, used 1785K [0x09d50000, 0x0a800000, 0x14800000)
   the space 10944K,  16% used [0x09d50000, 0x09f0e678, 0x09f0e800, 0x0a800000)
 Metaspace       used 2885K, capacity 4705K, committed 4736K, reserved 5504K
Event: 1.416 GC heap after
Heap after GC invocations=9 (full 1):
 def new generation   total 4992K, used 0K [0x04800000, 0x04d60000, 0x09d50000)
  eden space 4480K,   0% used [0x04800000, 0x04800000, 0x04c60000)
  from space 512K,   0% used [0x04c60000, 0x04c60000, 0x04ce0000)
  to   space 512K,   0% used [0x04ce0000, 0x04ce0000, 0x04d60000)
 tenured generation   total 10944K, used 2834K [0x09d50000, 0x0a800000, 0x14800000)
   the space 10944K,  25% used [0x09d50000, 0x0a014908, 0x0a014a00, 0x0a800000)
 Metaspace       used 2885K, capacity 4705K, committed 4736K, reserved 5504K
}
Event: 1.671 GC heap before
{Heap before GC invocations=9 (full 1):
 def new generation   total 4992K, used 559K [0x04800000, 0x04d60000, 0x09d50000)
  eden space 4480K,  12% used [0x04800000, 0x0488bef0, 0x04c60000)
  from space 512K,   0% used [0x04c60000, 0x04c60000, 0x04ce0000)
  to   space 512K,   0% used [0x04ce0000, 0x04ce0000, 0x04d60000)
 tenured generation   total 23236K, used 15122K [0x09d50000, 0x0b401000, 0x14800000)
   the space 23236K,  65% used [0x09d50000, 0x0ac14918, 0x0ac14a00, 0x0b401000)
 Metaspace       used 2954K, capacity 4769K, committed 4864K, reserved 5504K
Event: 1.678 GC heap after
Heap after GC invocations=10 (full 2):
 def new generation   total 11520K, used 0K [0x04800000, 0x05470000, 0x09d50000)
  eden space 10304K,   0% used [0x04800000, 0x04800000, 0x05210000)
  from space 1216K,   0% used [0x05210000, 0x05210000, 0x05340000)
  to   space 1216K,   0% used [0x05340000, 0x05340000, 0x05470000)
 tenured generation   total 25364K, used 15216K [0x09d50000, 0x0b615000, 0x14800000)
   the space 25364K,  59% used [0x09d50000, 0x0ac2c168, 0x0ac2c200, 0x0b615000)
 Metaspace       used 2954K, capacity 4769K, committed 4864K, reserved 5504K
}

Deoptimization events (0 events):
No events

Internal exceptions (10 events):
Event: 0.096 Thread 0x004ac400 Exception <a 'java/security/PrivilegedActionException'> (0x0492bb80) thrown at [C:\re\workspace\8-2-build-windows-i586-cygwin\jdk8u66\5298\hotspot\src\share\vm\prims\jvm.cpp, line 1386]
Event: 0.096 Thread 0x004ac400 Exception <a 'java/security/PrivilegedActionException'> (0x0492bd80) thrown at [C:\re\workspace\8-2-build-windows-i586-cygwin\jdk8u66\5298\hotspot\src\share\vm\prims\jvm.cpp, line 1386]
Event: 0.096 Thread 0x004ac400 Exception <a 'java/security/PrivilegedActionException'> (0x0492fd20) thrown at [C:\re\workspace\8-2-build-windows-i586-cygwin\jdk8u66\5298\hotspot\src\share\vm\prims\jvm.cpp, line 1386]
Event: 0.096 Thread 0x004ac400 Exception <a 'java/security/PrivilegedActionException'> (0x0492ff20) thrown at [C:\re\workspace\8-2-build-windows-i586-cygwin\jdk8u66\5298\hotspot\src\share\vm\prims\jvm.cpp, line 1386]
Event: 0.099 Thread 0x004ac400 Exception <a 'java/io/FileNotFoundException'> (0x04932028) thrown at [C:\re\workspace\8-2-build-windows-i586-cygwin\jdk8u66\5298\hotspot\src\share\vm\prims\jni.cpp, line 709]
Event: 0.125 Thread 0x004ac400 Exception <a 'java/lang/NoSuchFieldError': method resolution failed> (0x049ed120) thrown at [C:\re\workspace\8-2-build-windows-i586-cygwin\jdk8u66\5298\hotspot\src\share\vm\prims\methodHandles.cpp, line 1146]
Event: 0.127 Thread 0x004ac400 Exception <a 'java/lang/NoSuchFieldError': method resolution failed> (0x049f9388) thrown at [C:\re\workspace\8-2-build-windows-i586-cygwin\jdk8u66\5298\hotspot\src\share\vm\prims\methodHandles.cpp, line 1146]
Event: 0.145 Thread 0x004ac400 Exception <a 'java/io/FileNotFoundException'> (0x04a75f00) thrown at [C:\re\workspace\8-2-build-windows-i586-cygwin\jdk8u66\5298\hotspot\src\share\vm\prims\jni.cpp, line 709]
Event: 0.236 Thread 0x004ac400 Exception <a 'java/lang/NullPointerException'> (0x04b9d3a8) thrown at [C:\re\workspace\8-2-build-windows-i586-cygwin\jdk8u66\5298\hotspot\src\share\vm\interpreter\linkResolver.cpp, line 1178]
Event: 0.804 Thread 0x004ac400 Exception <a 'java/lang/reflect/InvocationTargetException'> (0x049890e8) thrown at [C:\re\workspace\8-2-build-windows-i586-cygwin\jdk8u66\5298\hotspot\src\share\vm\runtime\reflection.cpp, line 1092]

Events (10 events):
Event: 1.671 Executing VM operation: GenCollectForAllocation
Event: 1.678 Executing VM operation: GenCollectForAllocation done
Event: 1.733 loading class pkg/skapik/icp/assets/Skybox
Event: 1.733 loading class pkg/skapik/icp/assets/Skybox done
Event: 1.734 loading class pkg/skapik/icp/assets/World_generator
Event: 1.734 loading class pkg/skapik/icp/assets/World_generator done
Event: 1.735 loading class java/util/concurrent/ThreadLocalRandom
Event: 1.735 loading class java/util/concurrent/ThreadLocalRandom done
Event: 1.762 loading class pkg/skapik/icp/assets/Block
Event: 1.762 loading class pkg/skapik/icp/assets/Block done


Dynamic libraries:
0x012b0000 - 0x012e3000 	C:\Program Files (x86)\Java\jre1.8.0_66\bin\javaw.exe
0x77760000 - 0x778d9000 	C:\Windows\SYSTEM32\ntdll.dll
0x74ec0000 - 0x74fb0000 	C:\Windows\SYSTEM32\KERNEL32.DLL
0x774c0000 - 0x77636000 	C:\Windows\SYSTEM32\KERNELBASE.dll
0x750c0000 - 0x7513b000 	C:\Windows\SYSTEM32\ADVAPI32.dll
0x74890000 - 0x7494e000 	C:\Windows\SYSTEM32\msvcrt.dll
0x773d0000 - 0x77413000 	C:\Windows\SYSTEM32\sechost.dll
0x767e0000 - 0x7688c000 	C:\Windows\SYSTEM32\RPCRT4.dll
0x74870000 - 0x7488e000 	C:\Windows\SYSTEM32\SspiCli.dll
0x74860000 - 0x7486a000 	C:\Windows\SYSTEM32\CRYPTBASE.dll
0x74800000 - 0x74859000 	C:\Windows\SYSTEM32\bcryptPrimitives.dll
0x766a0000 - 0x767e0000 	C:\Windows\SYSTEM32\USER32.dll
0x76ce0000 - 0x76e2d000 	C:\Windows\SYSTEM32\GDI32.dll
0x71520000 - 0x71729000 	C:\Windows\WinSxS\x86_microsoft.windows.common-controls_6595b64144ccf1df_6.0.10240.16384_none_3bccb1ff6bcd1849\COMCTL32.dll
0x77640000 - 0x7766b000 	C:\Windows\SYSTEM32\IMM32.DLL
0x74c60000 - 0x74d80000 	C:\Windows\SYSTEM32\MSCTF.dll
0x6a040000 - 0x6a0ff000 	C:\Program Files (x86)\Java\jre1.8.0_66\bin\msvcr100.dll
0x6d980000 - 0x6dd45000 	C:\Program Files (x86)\Java\jre1.8.0_66\bin\client\jvm.dll
0x749e0000 - 0x749e6000 	C:\Windows\SYSTEM32\PSAPI.DLL
0x71ee0000 - 0x71ee8000 	C:\Windows\SYSTEM32\WSOCK32.dll
0x768f0000 - 0x7694c000 	C:\Windows\SYSTEM32\WS2_32.dll
0x76950000 - 0x76957000 	C:\Windows\SYSTEM32\NSI.dll
0x747f0000 - 0x747f8000 	C:\Windows\SYSTEM32\VERSION.dll
0x707d0000 - 0x707f4000 	C:\Windows\SYSTEM32\WINMM.dll
0x707a0000 - 0x707c3000 	C:\Windows\SYSTEM32\WINMMBASE.dll
0x74e20000 - 0x74e56000 	C:\Windows\SYSTEM32\cfgmgr32.dll
0x74730000 - 0x74751000 	C:\Windows\SYSTEM32\DEVOBJ.dll
0x70820000 - 0x7082c000 	C:\Program Files (x86)\Java\jre1.8.0_66\bin\verify.dll
0x70710000 - 0x70731000 	C:\Program Files (x86)\Java\jre1.8.0_66\bin\java.dll
0x70800000 - 0x70813000 	C:\Program Files (x86)\Java\jre1.8.0_66\bin\zip.dll
0x75140000 - 0x764fe000 	C:\Windows\SYSTEM32\SHELL32.dll
0x76ef0000 - 0x773cc000 	C:\Windows\SYSTEM32\windows.storage.dll
0x76970000 - 0x76b2a000 	C:\Windows\SYSTEM32\combase.dll
0x77470000 - 0x774b4000 	C:\Windows\SYSTEM32\shlwapi.dll
0x75090000 - 0x7509c000 	C:\Windows\SYSTEM32\kernel.appcore.dll
0x75000000 - 0x7508d000 	C:\Windows\SYSTEM32\shcore.dll
0x77420000 - 0x77464000 	C:\Windows\SYSTEM32\powrprof.dll
0x76960000 - 0x7696f000 	C:\Windows\SYSTEM32\profapi.dll
0x59d50000 - 0x5b1bb000 	C:\opencv\build\java\x86\opencv_java300.dll
0x77670000 - 0x7775a000 	C:\Windows\SYSTEM32\ole32.dll
0x74d80000 - 0x74e12000 	C:\Windows\SYSTEM32\OLEAUT32.dll
0x6a4b0000 - 0x6a4d3000 	C:\Windows\SYSTEM32\MSVFW32.dll
0x6a490000 - 0x6a4ac000 	C:\Windows\SYSTEM32\AVIFIL32.dll
0x6a470000 - 0x6a484000 	C:\Windows\SYSTEM32\AVICAP32.dll
0x67630000 - 0x67648000 	C:\Windows\SYSTEM32\MSACM32.dll
0x69ef0000 - 0x6a035000 	C:\Program Files (x86)\Java\jre1.8.0_66\bin\awt.dll
0x71910000 - 0x719a1000 	C:\Windows\system32\apphelp.dll
0x70be0000 - 0x70bfd000 	C:\Windows\system32\DWMAPI.DLL
0x710c0000 - 0x71135000 	C:\Windows\system32\uxtheme.dll
0x6f420000 - 0x6f5ec000 	C:\Windows\system32\d3d9.dll
0x6e3e0000 - 0x6efe3000 	C:\Windows\SYSTEM32\nvd3dum.dll
0x15e20000 - 0x15f7c000 	C:\Windows\system32\nvspcap.dll
0x76b30000 - 0x76cd5000 	C:\Windows\SYSTEM32\SETUPAPI.dll
0x74540000 - 0x745e7000 	C:\Windows\SYSTEM32\WINHTTP.dll
0x6e0c0000 - 0x6e3d1000 	C:\Windows\system32\nvapi.dll
0x683d0000 - 0x684ff000 	C:\Program Files (x86)\NVIDIA Corporation\3D Vision\nvSCPAPI.dll
0x637c0000 - 0x637ca000 	C:\jogl-2.0-b23-20110303-windows-i586\lib\gluegen-rt.dll
0x6a460000 - 0x6a466000 	C:\Program Files (x86)\Java\jre1.8.0_66\bin\jawt.dll
0x6a440000 - 0x6a44a000 	C:\jogl-2.0-b23-20110303-windows-i586\lib\nativewindow_awt.dll
0x6c100000 - 0x6c110000 	C:\jogl-2.0-b23-20110303-windows-i586\lib\nativewindow_win32.dll
0x679d0000 - 0x67ab0000 	C:\Windows\SYSTEM32\OpenGL32.dll
0x68e80000 - 0x68ea5000 	C:\Windows\SYSTEM32\GLU32.dll
0x5ff70000 - 0x6005b000 	C:\Windows\SYSTEM32\DDRAW.dll
0x68e70000 - 0x68e77000 	C:\Windows\SYSTEM32\DCIMAN32.dll
0x64500000 - 0x6456d000 	C:\jogl-2.0-b23-20110303-windows-i586\lib\jogl_desktop.dll
0x58b70000 - 0x59d47000 	C:\Windows\SYSTEM32\nvoglv32.DLL
0x71730000 - 0x7173f000 	C:\Windows\SYSTEM32\WTSAPI32.dll
0x74fb0000 - 0x74ff2000 	C:\Windows\SYSTEM32\WINTRUST.dll
0x76500000 - 0x7650e000 	C:\Windows\SYSTEM32\MSASN1.dll
0x76510000 - 0x76685000 	C:\Windows\SYSTEM32\CRYPT32.dll
0x74700000 - 0x74728000 	C:\Windows\SYSTEM32\ntmarta.dll
0x709e0000 - 0x70a24000 	C:\Windows\SYSTEM32\WINSTA.dll
0x6a190000 - 0x6a1c9000 	C:\Program Files (x86)\Java\jre1.8.0_66\bin\fontmanager.dll
0x718c0000 - 0x718f7000 	C:\Program Files\ASUS\Bluetooth Software\SysWOW64\BtMmHook.dll
0x70d10000 - 0x70e4f000 	C:\Windows\SYSTEM32\dbghelp.dll

VM Arguments:
jvm_args: -Djava.library.path=C:\jogl-2.0-b23-20110303-windows-i586\lib;C:\jogl-2.0-b23-20110303-windows-i586\lib;C:\jogl-2.0-b23-20110303-windows-i586\lib;C:\jogl-2.0-b23-20110303-windows-i586\lib;C:\opencv\build\java\x86 -Dfile.encoding=Cp1252 
java_command: pkg.skapik.icp.main.Game
java_class_path (initial): E:\Workspace\Game\bin;C:\jogl-2.0-b23-20110303-windows-i586\jar\gluegen-rt.jar;C:\jogl-2.0-b23-20110303-windows-i586\jar\jogl.all.jar;C:\jogl-2.0-b23-20110303-windows-i586\jar\nativewindow.all.jar;C:\jogl-2.0-b23-20110303-windows-i586\jar\newt.all.jar;C:\opencv\build\java\opencv-300.jar
Launcher Type: SUN_STANDARD

Environment Variables:
PATH=C:/Program Files (x86)/Java/jre1.8.0_66/bin/client;C:/Program Files (x86)/Java/jre1.8.0_66/bin;C:/Program Files (x86)/Java/jre1.8.0_66/lib/i386;C:\ProgramData\Oracle\Java\javapath;C:\Windows\system32;C:\Windows;C:\Windows\System32\Wbem;C:\Windows\System32\WindowsPowerShell\v1.0\;C:\Program Files (x86)\NVIDIA Corporation\PhysX\Common;C:\Program Files (x86)\Skype\Phone\;C:\Program Files\ASUS\Bluetooth Software\;C:\Program Files\ASUS\Bluetooth Software\syswow64;C:\Program Files (x86)\Windows Kits\8.1\Windows Performance Toolkit\;C:\Program Files\Microsoft SQL Server\110\Tools\Binn\;C:\Program Files (x86)\Microsoft SDKs\TypeScript\1.0\;C:\Program Files\Microsoft SQL Server\120\Tools\Binn\;C:\eclipse;
USERNAME=sauCEPan
OS=Windows_NT
PROCESSOR_IDENTIFIER=Intel64 Family 6 Model 58 Stepping 9, GenuineIntel



---------------  S Y S T E M  ---------------

OS: Windows 10.0 , 64 bit Build 10240 (10.0.10240.16384)

CPU:total 4 (4 cores per cpu, 1 threads per core) family 6 model 58 stepping 9, cmov, cx8, fxsr, mmx, sse, sse2, sse3, ssse3, sse4.1, sse4.2, popcnt, avx, aes, clmul, erms, tsc, tscinvbit, tscinv

Memory: 4k page, physical 8351212k(3927896k free), swap 14642668k(7827576k free)

vm_info: Java HotSpot(TM) Client VM (25.66-b18) for windows-x86 JRE (1.8.0_66-b18), built on Nov  9 2015 10:58:29 by "java_re" with MS VC++ 10.0 (VS2010)

time: Fri Dec 11 22:03:40 2015
elapsed time: 1 seconds (0d 0h 0m 1s)

