#
# A fatal error has been detected by the Java Runtime Environment:
#
#  EXCEPTION_ACCESS_VIOLATION (0xc0000005) at pc=0x1b25faf4, pid=8120, tid=2392
#
# JRE version: Java(TM) SE Runtime Environment (8.0_66-b18) (build 1.8.0_66-b18)
# Java VM: Java HotSpot(TM) Client VM (25.66-b18 mixed mode, sharing windows-x86 )
# Problematic frame:
# C  0x1b25faf4
#
# Failed to write core dump. Minidumps are not enabled by default on client versions of Windows
#
# If you would like to submit a bug report, please visit:
#   http://bugreport.java.com/bugreport/crash.jsp
# The crash happened outside the Java Virtual Machine in native code.
# See problematic frame for where to report the bug.
#

---------------  T H R E A D  ---------------

Current thread (0x15a86800):  JavaThread "AWT-EventQueue-0" [_thread_in_native, id=2392, stack(0x16170000,0x161c0000)]

siginfo: ExceptionCode=0xc0000005, reading address 0x1b500000

Registers:
EAX=0x176d2454, EBX=0x1c1b0000, ECX=0x0000002d, EDX=0x000000f3
ESP=0x161beae4, EBP=0x00000000, ESI=0x1b4ffffc, EDI=0x0016f000
EIP=0x1b25faf4, EFLAGS=0x00010206

Top of Stack: (sp=0x161beae4)
0x161beae4:   00000002 00000120 1c1b0000 1c31e020
0x161beaf4:   161beb2c 5964bbb2 1c1b0000 176d20d0
0x161beb04:   00000000 00000120 1c31e020 1c1b0000
0x161beb14:   00000007 1c31e020 1c1e0380 176d20d0
0x161beb24:   00000000 00000000 161beb4c 59648b26
0x161beb34:   001b0000 00000007 00000000 00000120
0x161beb44:   00000080 1c1b0000 161beb78 58cb4ec9
0x161beb54:   1c1b0000 00000007 00000000 00000120 

Instructions: (pc=0x1b25faf4)
0x1b25fad4:   5c 24 18 8b 44 24 1c 8b 4c 24 20 8b 54 24 24 8b
0x1b25fae4:   35 80 0c 1e 1c 8b 76 04 8d 3c 49 8d 34 be 8b 3e
0x1b25faf4:   8b 6e 04 89 38 89 68 04 8b 7e 08 89 78 08 8b 35
0x1b25fb04:   80 0c 1e 1c 8b b6 44 01 00 00 8d 34 ce 8b 3e 8b 


Register to memory mapping:

EAX=0x176d2454 is an unknown value
EBX=0x1c1b0000 is an unknown value
ECX=0x0000002d is an unknown value
EDX=0x000000f3 is an unknown value
ESP=0x161beae4 is pointing into the stack for thread: 0x15a86800
EBP=0x00000000 is an unknown value
ESI=0x1b4ffffc is an unknown value
EDI=0x0016f000 is an unknown value


Stack: [0x16170000,0x161c0000],  sp=0x161beae4,  free space=314k
Native frames: (J=compiled Java code, j=interpreted, Vv=VM code, C=native code)
C  0x1b25faf4

Java frames: (J=compiled Java code, j=interpreted, Vv=VM code)
j  jogamp.opengl.gl4.GL4bcImpl.dispatch_glDrawArrays1(IIIJ)V+0
j  jogamp.opengl.gl4.GL4bcImpl.glDrawArrays(III)V+39
j  pkg.skapik.icp.assets.Block.draw(Ljavax/media/opengl/GL2;F)V+82
j  pkg.skapik.icp.func.Renderer.draw_world()V+97
j  pkg.skapik.icp.func.Renderer.render(Ljavax/media/opengl/GLAutoDrawable;)V+187
j  pkg.skapik.icp.func.Renderer.display(Ljavax/media/opengl/GLAutoDrawable;)V+6
j  jogamp.opengl.GLDrawableHelper.display(Ljavax/media/opengl/GLAutoDrawable;)V+54
j  javax.media.opengl.awt.GLCanvas$DisplayAction.run()V+121
j  jogamp.opengl.GLDrawableHelper.invokeGL(Ljavax/media/opengl/GLDrawable;Ljavax/media/opengl/GLContext;Ljava/lang/Runnable;Ljava/lang/Runnable;)V+268
j  javax.media.opengl.awt.GLCanvas$DisplayOnEventDispatchThreadAction.run()V+35
j  java.awt.event.InvocationEvent.dispatch()V+11
j  java.awt.EventQueue.dispatchEventImpl(Ljava/awt/AWTEvent;Ljava/lang/Object;)V+21
j  java.awt.EventQueue.access$500(Ljava/awt/EventQueue;Ljava/awt/AWTEvent;Ljava/lang/Object;)V+3
j  java.awt.EventQueue$3.run()Ljava/lang/Void;+32
j  java.awt.EventQueue$3.run()Ljava/lang/Object;+1
v  ~StubRoutines::call_stub
j  java.security.AccessController.doPrivileged(Ljava/security/PrivilegedAction;Ljava/security/AccessControlContext;)Ljava/lang/Object;+0
j  java.security.ProtectionDomain$JavaSecurityAccessImpl.doIntersectionPrivilege(Ljava/security/PrivilegedAction;Ljava/security/AccessControlContext;Ljava/security/AccessControlContext;)Ljava/lang/Object;+18
j  java.awt.EventQueue.dispatchEvent(Ljava/awt/AWTEvent;)V+46
j  java.awt.EventDispatchThread.pumpOneEventForFilters(I)V+245
j  java.awt.EventDispatchThread.pumpEventsForFilter(ILjava/awt/Conditional;Ljava/awt/EventFilter;)V+35
j  java.awt.EventDispatchThread.pumpEventsForHierarchy(ILjava/awt/Conditional;Ljava/awt/Component;)V+11
j  java.awt.EventDispatchThread.pumpEvents(ILjava/awt/Conditional;)V+4
j  java.awt.EventDispatchThread.pumpEvents(Ljava/awt/Conditional;)V+3
j  java.awt.EventDispatchThread.run()V+9
v  ~StubRoutines::call_stub

---------------  P R O C E S S  ---------------

Java Threads: ( => current thread )
  0x00d4c400 JavaThread "DestroyJavaVM" [_thread_blocked, id=9396, stack(0x00c60000,0x00cb0000)]
  0x1b4edc00 JavaThread "D3D Screen Updater" daemon [_thread_blocked, id=9004, stack(0x1c100000,0x1c150000)]
  0x15b9dc00 JavaThread "Timer-0" [_thread_blocked, id=5008, stack(0x1afe0000,0x1b030000)]
  0x15b87c00 JavaThread "main-SharedResourceRunner" daemon [_thread_blocked, id=10840, stack(0x1a8b0000,0x1a900000)]
=>0x15a86800 JavaThread "AWT-EventQueue-0" [_thread_in_native, id=2392, stack(0x16170000,0x161c0000)]
  0x15a61800 JavaThread "AWT-Windows" daemon [_thread_in_native, id=7308, stack(0x15d80000,0x15dd0000)]
  0x15a61000 JavaThread "AWT-Shutdown" [_thread_blocked, id=1040, stack(0x15cf0000,0x15d40000)]
  0x15a60800 JavaThread "Java2D Disposer" daemon [_thread_blocked, id=7368, stack(0x15400000,0x15450000)]
  0x00db9400 JavaThread "Service Thread" daemon [_thread_blocked, id=8812, stack(0x152b0000,0x15300000)]
  0x00d9a400 JavaThread "C1 CompilerThread0" daemon [_thread_blocked, id=10540, stack(0x14800000,0x14850000)]
  0x00d97400 JavaThread "Attach Listener" daemon [_thread_blocked, id=880, stack(0x04740000,0x04790000)]
  0x00d95400 JavaThread "Signal Dispatcher" daemon [_thread_blocked, id=2932, stack(0x046f0000,0x04740000)]
  0x00d8b400 JavaThread "Finalizer" daemon [_thread_blocked, id=11252, stack(0x010d0000,0x01120000)]
  0x00d86400 JavaThread "Reference Handler" daemon [_thread_blocked, id=6044, stack(0x01040000,0x01090000)]

Other Threads:
  0x00d82800 VMThread [stack: 0x00fb0000,0x01000000] [id=4340]
  0x00dcec00 WatcherThread [stack: 0x15340000,0x15390000] [id=8460]

VM state:not at safepoint (normal execution)

VM Mutex/Monitor currently owned by a thread: None

Heap:
 def new generation   total 11520K, used 483K [0x04800000, 0x05470000, 0x09d50000)
  eden space 10304K,   4% used [0x04800000, 0x04878fb8, 0x05210000)
  from space 1216K,   0% used [0x05210000, 0x05210000, 0x05340000)
  to   space 1216K,   0% used [0x05340000, 0x05340000, 0x05470000)
 tenured generation   total 62228K, used 52080K [0x09d50000, 0x0da15000, 0x14800000)
   the space 62228K,  83% used [0x09d50000, 0x0d02c008, 0x0d02c200, 0x0da15000)
 Metaspace       used 2975K, capacity 4769K, committed 4864K, reserved 5504K

Card table byte_map: [0x00ee0000,0x00f70000] byte_map_base: 0x00ebc000

Polling page: 0x00cb0000

CodeCache: size=32768Kb used=1081Kb max_used=1081Kb free=31686Kb
 bounds [0x026f0000, 0x02800000, 0x046f0000]
 total_blobs=703 nmethods=281 adapters=353
 compilation: enabled

Compilation events (10 events):
Event: 1.789 Thread 0x00d9a400  276             jogamp.opengl.GLContextImpl::getGLProcAddressTable (5 bytes)
Event: 1.789 Thread 0x00d9a400 nmethod 276 0x027fac08 code [0x027fad00, 0x027fad80]
Event: 1.789 Thread 0x00d9a400  278             java.nio.DirectFloatBufferU::put (17 bytes)
Event: 1.789 Thread 0x00d9a400 nmethod 278 0x027fadc8 code [0x027faed0, 0x027fafcc]
Event: 1.789 Thread 0x00d9a400  279             pkg.skapik.icp.assets.Block::<init> (534 bytes)
Event: 1.790 Thread 0x00d9a400 nmethod 279 0x027fb0c8 code [0x027fb240, 0x027fb868]
Event: 1.790 Thread 0x00d9a400  280             java.nio.Bits::byteOrder (20 bytes)
Event: 1.790 Thread 0x00d9a400 nmethod 280 0x027fbbc8 code [0x027fbcc0, 0x027fbd30]
Event: 1.790 Thread 0x00d9a400  281             pkg.skapik.icp.func.Coords_Manager::get_texture_coords (349 bytes)
Event: 1.792 Thread 0x00d9a400 nmethod 281 0x027fbd88 code [0x027fc090, 0x027fcbf4]

GC Heap History (10 events):
Event: 0.705 GC heap before
{Heap before GC invocations=5 (full 0):
 def new generation   total 4928K, used 4642K [0x04800000, 0x04d50000, 0x09d50000)
  eden space 4416K, 100% used [0x04800000, 0x04c50000, 0x04c50000)
  from space 512K,  44% used [0x04cd0000, 0x04d089c0, 0x04d50000)
  to   space 512K,   0% used [0x04c50000, 0x04c50000, 0x04cd0000)
 tenured generation   total 10944K, used 1707K [0x09d50000, 0x0a800000, 0x14800000)
   the space 10944K,  15% used [0x09d50000, 0x09efade0, 0x09efae00, 0x0a800000)
 Metaspace       used 2213K, capacity 4419K, committed 4480K, reserved 4480K
Event: 0.706 GC heap after
Heap after GC invocations=6 (full 0):
 def new generation   total 4928K, used 267K [0x04800000, 0x04d50000, 0x09d50000)
  eden space 4416K,   0% used [0x04800000, 0x04800000, 0x04c50000)
  from space 512K,  52% used [0x04c50000, 0x04c92ed8, 0x04cd0000)
  to   space 512K,   0% used [0x04cd0000, 0x04cd0000, 0x04d50000)
 tenured generation   total 10944K, used 1707K [0x09d50000, 0x0a800000, 0x14800000)
   the space 10944K,  15% used [0x09d50000, 0x09efade0, 0x09efae00, 0x0a800000)
 Metaspace       used 2213K, capacity 4419K, committed 4480K, reserved 4480K
}
Event: 0.729 GC heap before
{Heap before GC invocations=6 (full 0):
 def new generation   total 4928K, used 4683K [0x04800000, 0x04d50000, 0x09d50000)
  eden space 4416K, 100% used [0x04800000, 0x04c50000, 0x04c50000)
  from space 512K,  52% used [0x04c50000, 0x04c92ed8, 0x04cd0000)
  to   space 512K,   0% used [0x04cd0000, 0x04cd0000, 0x04d50000)
 tenured generation   total 10944K, used 1707K [0x09d50000, 0x0a800000, 0x14800000)
   the space 10944K,  15% used [0x09d50000, 0x09efade0, 0x09efae00, 0x0a800000)
 Metaspace       used 2213K, capacity 4419K, committed 4480K, reserved 4480K
Event: 0.729 GC heap after
Heap after GC invocations=7 (full 0):
 def new generation   total 4928K, used 230K [0x04800000, 0x04d50000, 0x09d50000)
  eden space 4416K,   0% used [0x04800000, 0x04800000, 0x04c50000)
  from space 512K,  45% used [0x04cd0000, 0x04d09b58, 0x04d50000)
  to   space 512K,   0% used [0x04c50000, 0x04c50000, 0x04cd0000)
 tenured generation   total 10944K, used 1785K [0x09d50000, 0x0a800000, 0x14800000)
   the space 10944K,  16% used [0x09d50000, 0x09f0e508, 0x09f0e600, 0x0a800000)
 Metaspace       used 2213K, capacity 4419K, committed 4480K, reserved 4480K
}
Event: 0.753 GC heap before
{Heap before GC invocations=7 (full 0):
 def new generation   total 4928K, used 4637K [0x04800000, 0x04d50000, 0x09d50000)
  eden space 4416K,  99% used [0x04800000, 0x04c4d910, 0x04c50000)
  from space 512K,  45% used [0x04cd0000, 0x04d09b58, 0x04d50000)
  to   space 512K,   0% used [0x04c50000, 0x04c50000, 0x04cd0000)
 tenured generation   total 10944K, used 1785K [0x09d50000, 0x0a800000, 0x14800000)
   the space 10944K,  16% used [0x09d50000, 0x09f0e508, 0x09f0e600, 0x0a800000)
 Metaspace       used 2213K, capacity 4419K, committed 4480K, reserved 4480K
Event: 0.753 GC heap after
Heap after GC invocations=8 (full 0):
 def new generation   total 4928K, used 197K [0x04800000, 0x04d50000, 0x09d50000)
  eden space 4416K,   0% used [0x04800000, 0x04800000, 0x04c50000)
  from space 512K,  38% used [0x04c50000, 0x04c816b8, 0x04cd0000)
  to   space 512K,   0% used [0x04cd0000, 0x04cd0000, 0x04d50000)
 tenured generation   total 10944K, used 1785K [0x09d50000, 0x0a800000, 0x14800000)
   the space 10944K,  16% used [0x09d50000, 0x09f0e508, 0x09f0e600, 0x0a800000)
 Metaspace       used 2213K, capacity 4419K, committed 4480K, reserved 4480K
}
Event: 1.430 GC heap before
{Heap before GC invocations=8 (full 0):
 def new generation   total 4928K, used 2901K [0x04800000, 0x04d50000, 0x09d50000)
  eden space 4416K,  61% used [0x04800000, 0x04aa3f78, 0x04c50000)
  from space 512K,  38% used [0x04c50000, 0x04c816b8, 0x04cd0000)
  to   space 512K,   0% used [0x04cd0000, 0x04cd0000, 0x04d50000)
 tenured generation   total 10944K, used 1785K [0x09d50000, 0x0a800000, 0x14800000)
   the space 10944K,  16% used [0x09d50000, 0x09f0e508, 0x09f0e600, 0x0a800000)
 Metaspace       used 2885K, capacity 4705K, committed 4736K, reserved 5504K
Event: 1.440 GC heap after
Heap after GC invocations=9 (full 1):
 def new generation   total 4992K, used 0K [0x04800000, 0x04d60000, 0x09d50000)
  eden space 4480K,   0% used [0x04800000, 0x04800000, 0x04c60000)
  from space 512K,   0% used [0x04c60000, 0x04c60000, 0x04ce0000)
  to   space 512K,   0% used [0x04ce0000, 0x04ce0000, 0x04d60000)
 tenured generation   total 10944K, used 2833K [0x09d50000, 0x0a800000, 0x14800000)
   the space 10944K,  25% used [0x09d50000, 0x0a014798, 0x0a014800, 0x0a800000)
 Metaspace       used 2885K, capacity 4705K, committed 4736K, reserved 5504K
}
Event: 1.692 GC heap before
{Heap before GC invocations=9 (full 1):
 def new generation   total 4992K, used 556K [0x04800000, 0x04d60000, 0x09d50000)
  eden space 4480K,  12% used [0x04800000, 0x0488b160, 0x04c60000)
  from space 512K,   0% used [0x04c60000, 0x04c60000, 0x04ce0000)
  to   space 512K,   0% used [0x04ce0000, 0x04ce0000, 0x04d60000)
 tenured generation   total 23236K, used 15121K [0x09d50000, 0x0b401000, 0x14800000)
   the space 23236K,  65% used [0x09d50000, 0x0ac147a8, 0x0ac14800, 0x0b401000)
 Metaspace       used 2954K, capacity 4769K, committed 4864K, reserved 5504K
Event: 1.698 GC heap after
Heap after GC invocations=10 (full 2):
 def new generation   total 11520K, used 0K [0x04800000, 0x05470000, 0x09d50000)
  eden space 10304K,   0% used [0x04800000, 0x04800000, 0x05210000)
  from space 1216K,   0% used [0x05210000, 0x05210000, 0x05340000)
  to   space 1216K,   0% used [0x05340000, 0x05340000, 0x05470000)
 tenured generation   total 25360K, used 15215K [0x09d50000, 0x0b614000, 0x14800000)
   the space 25360K,  59% used [0x09d50000, 0x0ac2bff8, 0x0ac2c000, 0x0b614000)
 Metaspace       used 2954K, capacity 4769K, committed 4864K, reserved 5504K
}

Deoptimization events (0 events):
No events

Internal exceptions (10 events):
Event: 0.114 Thread 0x00d4c400 Exception <a 'java/security/PrivilegedActionException'> (0x0492bb80) thrown at [C:\re\workspace\8-2-build-windows-i586-cygwin\jdk8u66\5298\hotspot\src\share\vm\prims\jvm.cpp, line 1386]
Event: 0.114 Thread 0x00d4c400 Exception <a 'java/security/PrivilegedActionException'> (0x0492bd80) thrown at [C:\re\workspace\8-2-build-windows-i586-cygwin\jdk8u66\5298\hotspot\src\share\vm\prims\jvm.cpp, line 1386]
Event: 0.115 Thread 0x00d4c400 Exception <a 'java/security/PrivilegedActionException'> (0x0492fd20) thrown at [C:\re\workspace\8-2-build-windows-i586-cygwin\jdk8u66\5298\hotspot\src\share\vm\prims\jvm.cpp, line 1386]
Event: 0.115 Thread 0x00d4c400 Exception <a 'java/security/PrivilegedActionException'> (0x0492ff20) thrown at [C:\re\workspace\8-2-build-windows-i586-cygwin\jdk8u66\5298\hotspot\src\share\vm\prims\jvm.cpp, line 1386]
Event: 0.118 Thread 0x00d4c400 Exception <a 'java/io/FileNotFoundException'> (0x04932028) thrown at [C:\re\workspace\8-2-build-windows-i586-cygwin\jdk8u66\5298\hotspot\src\share\vm\prims\jni.cpp, line 709]
Event: 0.147 Thread 0x00d4c400 Exception <a 'java/lang/NoSuchFieldError': method resolution failed> (0x049ed120) thrown at [C:\re\workspace\8-2-build-windows-i586-cygwin\jdk8u66\5298\hotspot\src\share\vm\prims\methodHandles.cpp, line 1146]
Event: 0.148 Thread 0x00d4c400 Exception <a 'java/lang/NoSuchFieldError': method resolution failed> (0x049f9388) thrown at [C:\re\workspace\8-2-build-windows-i586-cygwin\jdk8u66\5298\hotspot\src\share\vm\prims\methodHandles.cpp, line 1146]
Event: 0.172 Thread 0x00d4c400 Exception <a 'java/io/FileNotFoundException'> (0x04a75f00) thrown at [C:\re\workspace\8-2-build-windows-i586-cygwin\jdk8u66\5298\hotspot\src\share\vm\prims\jni.cpp, line 709]
Event: 0.259 Thread 0x00d4c400 Exception <a 'java/lang/NullPointerException'> (0x04b9d3a8) thrown at [C:\re\workspace\8-2-build-windows-i586-cygwin\jdk8u66\5298\hotspot\src\share\vm\interpreter\linkResolver.cpp, line 1178]
Event: 0.824 Thread 0x00d4c400 Exception <a 'java/lang/reflect/InvocationTargetException'> (0x0498c1f8) thrown at [C:\re\workspace\8-2-build-windows-i586-cygwin\jdk8u66\5298\hotspot\src\share\vm\runtime\reflection.cpp, line 1092]

Events (10 events):
Event: 1.692 Executing VM operation: GenCollectForAllocation
Event: 1.698 Executing VM operation: GenCollectForAllocation done
Event: 1.751 loading class pkg/skapik/icp/assets/Skybox
Event: 1.751 loading class pkg/skapik/icp/assets/Skybox done
Event: 1.755 loading class pkg/skapik/icp/assets/World_generator
Event: 1.755 loading class pkg/skapik/icp/assets/World_generator done
Event: 1.755 loading class java/util/concurrent/ThreadLocalRandom
Event: 1.756 loading class java/util/concurrent/ThreadLocalRandom done
Event: 1.783 loading class pkg/skapik/icp/assets/Block
Event: 1.783 loading class pkg/skapik/icp/assets/Block done


Dynamic libraries:
0x012b0000 - 0x012e3000 	C:\Program Files (x86)\Java\jre1.8.0_66\bin\javaw.exe
0x77760000 - 0x778d9000 	C:\Windows\SYSTEM32\ntdll.dll
0x74ec0000 - 0x74fb0000 	C:\Windows\SYSTEM32\KERNEL32.DLL
0x774c0000 - 0x77636000 	C:\Windows\SYSTEM32\KERNELBASE.dll
0x750c0000 - 0x7513b000 	C:\Windows\SYSTEM32\ADVAPI32.dll
0x74890000 - 0x7494e000 	C:\Windows\SYSTEM32\msvcrt.dll
0x773d0000 - 0x77413000 	C:\Windows\SYSTEM32\sechost.dll
0x767e0000 - 0x7688c000 	C:\Windows\SYSTEM32\RPCRT4.dll
0x74870000 - 0x7488e000 	C:\Windows\SYSTEM32\SspiCli.dll
0x74860000 - 0x7486a000 	C:\Windows\SYSTEM32\CRYPTBASE.dll
0x74800000 - 0x74859000 	C:\Windows\SYSTEM32\bcryptPrimitives.dll
0x766a0000 - 0x767e0000 	C:\Windows\SYSTEM32\USER32.dll
0x76ce0000 - 0x76e2d000 	C:\Windows\SYSTEM32\GDI32.dll
0x71520000 - 0x71729000 	C:\Windows\WinSxS\x86_microsoft.windows.common-controls_6595b64144ccf1df_6.0.10240.16384_none_3bccb1ff6bcd1849\COMCTL32.dll
0x77640000 - 0x7766b000 	C:\Windows\SYSTEM32\IMM32.DLL
0x74c60000 - 0x74d80000 	C:\Windows\SYSTEM32\MSCTF.dll
0x6a040000 - 0x6a0ff000 	C:\Program Files (x86)\Java\jre1.8.0_66\bin\msvcr100.dll
0x6d980000 - 0x6dd45000 	C:\Program Files (x86)\Java\jre1.8.0_66\bin\client\jvm.dll
0x749e0000 - 0x749e6000 	C:\Windows\SYSTEM32\PSAPI.DLL
0x71ee0000 - 0x71ee8000 	C:\Windows\SYSTEM32\WSOCK32.dll
0x707d0000 - 0x707f4000 	C:\Windows\SYSTEM32\WINMM.dll
0x768f0000 - 0x7694c000 	C:\Windows\SYSTEM32\WS2_32.dll
0x747f0000 - 0x747f8000 	C:\Windows\SYSTEM32\VERSION.dll
0x76950000 - 0x76957000 	C:\Windows\SYSTEM32\NSI.dll
0x707a0000 - 0x707c3000 	C:\Windows\SYSTEM32\WINMMBASE.dll
0x74e20000 - 0x74e56000 	C:\Windows\SYSTEM32\cfgmgr32.dll
0x74730000 - 0x74751000 	C:\Windows\SYSTEM32\DEVOBJ.dll
0x70820000 - 0x7082c000 	C:\Program Files (x86)\Java\jre1.8.0_66\bin\verify.dll
0x70710000 - 0x70731000 	C:\Program Files (x86)\Java\jre1.8.0_66\bin\java.dll
0x70800000 - 0x70813000 	C:\Program Files (x86)\Java\jre1.8.0_66\bin\zip.dll
0x75140000 - 0x764fe000 	C:\Windows\SYSTEM32\SHELL32.dll
0x76ef0000 - 0x773cc000 	C:\Windows\SYSTEM32\windows.storage.dll
0x76970000 - 0x76b2a000 	C:\Windows\SYSTEM32\combase.dll
0x77470000 - 0x774b4000 	C:\Windows\SYSTEM32\shlwapi.dll
0x75090000 - 0x7509c000 	C:\Windows\SYSTEM32\kernel.appcore.dll
0x75000000 - 0x7508d000 	C:\Windows\SYSTEM32\shcore.dll
0x77420000 - 0x77464000 	C:\Windows\SYSTEM32\powrprof.dll
0x76960000 - 0x7696f000 	C:\Windows\SYSTEM32\profapi.dll
0x59d50000 - 0x5b1bb000 	C:\opencv\build\java\x86\opencv_java300.dll
0x77670000 - 0x7775a000 	C:\Windows\SYSTEM32\ole32.dll
0x74d80000 - 0x74e12000 	C:\Windows\SYSTEM32\OLEAUT32.dll
0x6a4b0000 - 0x6a4d3000 	C:\Windows\SYSTEM32\MSVFW32.dll
0x6a490000 - 0x6a4ac000 	C:\Windows\SYSTEM32\AVIFIL32.dll
0x6a470000 - 0x6a484000 	C:\Windows\SYSTEM32\AVICAP32.dll
0x67630000 - 0x67648000 	C:\Windows\SYSTEM32\MSACM32.dll
0x69ef0000 - 0x6a035000 	C:\Program Files (x86)\Java\jre1.8.0_66\bin\awt.dll
0x71910000 - 0x719a1000 	C:\Windows\system32\apphelp.dll
0x70be0000 - 0x70bfd000 	C:\Windows\system32\DWMAPI.DLL
0x710c0000 - 0x71135000 	C:\Windows\system32\uxtheme.dll
0x6f420000 - 0x6f5ec000 	C:\Windows\system32\d3d9.dll
0x6e3e0000 - 0x6efe3000 	C:\Windows\SYSTEM32\nvd3dum.dll
0x15e90000 - 0x15fec000 	C:\Windows\system32\nvspcap.dll
0x76b30000 - 0x76cd5000 	C:\Windows\SYSTEM32\SETUPAPI.dll
0x74540000 - 0x745e7000 	C:\Windows\SYSTEM32\WINHTTP.dll
0x6e0c0000 - 0x6e3d1000 	C:\Windows\system32\nvapi.dll
0x683d0000 - 0x684ff000 	C:\Program Files (x86)\NVIDIA Corporation\3D Vision\nvSCPAPI.dll
0x637c0000 - 0x637ca000 	C:\jogl-2.0-b23-20110303-windows-i586\lib\gluegen-rt.dll
0x6a460000 - 0x6a466000 	C:\Program Files (x86)\Java\jre1.8.0_66\bin\jawt.dll
0x6a440000 - 0x6a44a000 	C:\jogl-2.0-b23-20110303-windows-i586\lib\nativewindow_awt.dll
0x6c100000 - 0x6c110000 	C:\jogl-2.0-b23-20110303-windows-i586\lib\nativewindow_win32.dll
0x679d0000 - 0x67ab0000 	C:\Windows\SYSTEM32\OpenGL32.dll
0x5ff70000 - 0x6005b000 	C:\Windows\SYSTEM32\DDRAW.dll
0x68e80000 - 0x68ea5000 	C:\Windows\SYSTEM32\GLU32.dll
0x68e70000 - 0x68e77000 	C:\Windows\SYSTEM32\DCIMAN32.dll
0x64500000 - 0x6456d000 	C:\jogl-2.0-b23-20110303-windows-i586\lib\jogl_desktop.dll
0x58b70000 - 0x59d47000 	C:\Windows\SYSTEM32\nvoglv32.DLL
0x71730000 - 0x7173f000 	C:\Windows\SYSTEM32\WTSAPI32.dll
0x74fb0000 - 0x74ff2000 	C:\Windows\SYSTEM32\WINTRUST.dll
0x76500000 - 0x7650e000 	C:\Windows\SYSTEM32\MSASN1.dll
0x76510000 - 0x76685000 	C:\Windows\SYSTEM32\CRYPT32.dll
0x74700000 - 0x74728000 	C:\Windows\SYSTEM32\ntmarta.dll
0x709e0000 - 0x70a24000 	C:\Windows\SYSTEM32\WINSTA.dll
0x6a190000 - 0x6a1c9000 	C:\Program Files (x86)\Java\jre1.8.0_66\bin\fontmanager.dll
0x718c0000 - 0x718f7000 	C:\Program Files\ASUS\Bluetooth Software\SysWOW64\BtMmHook.dll
0x70d10000 - 0x70e4f000 	C:\Windows\SYSTEM32\dbghelp.dll

VM Arguments:
jvm_args: -Djava.library.path=C:\jogl-2.0-b23-20110303-windows-i586\lib;C:\jogl-2.0-b23-20110303-windows-i586\lib;C:\jogl-2.0-b23-20110303-windows-i586\lib;C:\jogl-2.0-b23-20110303-windows-i586\lib;C:\opencv\build\java\x86 -Dfile.encoding=Cp1252 
java_command: pkg.skapik.icp.main.Game
java_class_path (initial): E:\Workspace\Game\bin;C:\jogl-2.0-b23-20110303-windows-i586\jar\gluegen-rt.jar;C:\jogl-2.0-b23-20110303-windows-i586\jar\jogl.all.jar;C:\jogl-2.0-b23-20110303-windows-i586\jar\nativewindow.all.jar;C:\jogl-2.0-b23-20110303-windows-i586\jar\newt.all.jar;C:\opencv\build\java\opencv-300.jar
Launcher Type: SUN_STANDARD

Environment Variables:
PATH=C:/Program Files (x86)/Java/jre1.8.0_66/bin/client;C:/Program Files (x86)/Java/jre1.8.0_66/bin;C:/Program Files (x86)/Java/jre1.8.0_66/lib/i386;C:\ProgramData\Oracle\Java\javapath;C:\Windows\system32;C:\Windows;C:\Windows\System32\Wbem;C:\Windows\System32\WindowsPowerShell\v1.0\;C:\Program Files (x86)\NVIDIA Corporation\PhysX\Common;C:\Program Files (x86)\Skype\Phone\;C:\Program Files\ASUS\Bluetooth Software\;C:\Program Files\ASUS\Bluetooth Software\syswow64;C:\Program Files (x86)\Windows Kits\8.1\Windows Performance Toolkit\;C:\Program Files\Microsoft SQL Server\110\Tools\Binn\;C:\Program Files (x86)\Microsoft SDKs\TypeScript\1.0\;C:\Program Files\Microsoft SQL Server\120\Tools\Binn\;C:\eclipse;
USERNAME=sauCEPan
OS=Windows_NT
PROCESSOR_IDENTIFIER=Intel64 Family 6 Model 58 Stepping 9, GenuineIntel



---------------  S Y S T E M  ---------------

OS: Windows 10.0 , 64 bit Build 10240 (10.0.10240.16384)

CPU:total 4 (4 cores per cpu, 1 threads per core) family 6 model 58 stepping 9, cmov, cx8, fxsr, mmx, sse, sse2, sse3, ssse3, sse4.1, sse4.2, popcnt, avx, aes, clmul, erms, tsc, tscinvbit, tscinv

Memory: 4k page, physical 8351212k(3840468k free), swap 14642668k(7812372k free)

vm_info: Java HotSpot(TM) Client VM (25.66-b18) for windows-x86 JRE (1.8.0_66-b18), built on Nov  9 2015 10:58:29 by "java_re" with MS VC++ 10.0 (VS2010)

time: Fri Dec 11 22:06:05 2015
elapsed time: 1 seconds (0d 0h 0m 1s)

