#
# A fatal error has been detected by the Java Runtime Environment:
#
#  EXCEPTION_ACCESS_VIOLATION (0xc0000005) at pc=0x1b97faf4, pid=5884, tid=9640
#
# JRE version: Java(TM) SE Runtime Environment (8.0_66-b18) (build 1.8.0_66-b18)
# Java VM: Java HotSpot(TM) Client VM (25.66-b18 mixed mode windows-x86 )
# Problematic frame:
# C  0x1b97faf4
#
# Failed to write core dump. Minidumps are not enabled by default on client versions of Windows
#
# If you would like to submit a bug report, please visit:
#   http://bugreport.java.com/bugreport/crash.jsp
# The crash happened outside the Java Virtual Machine in native code.
# See problematic frame for where to report the bug.
#

---------------  T H R E A D  ---------------

Current thread (0x14f7a000):  JavaThread "AWT-EventQueue-0" [_thread_in_native, id=9640, stack(0x15e00000,0x15e50000)]

siginfo: ExceptionCode=0xc0000005, reading address 0x1a6a6000

Registers:
EAX=0x17efb39c, EBX=0x1bdb0000, ECX=0x000000d7, EDX=0x00000049
ESP=0x15e4e974, EBP=0x3dfe0000, ESI=0x1a6a5ffc, EDI=0x00039000
EIP=0x1b97faf4, EFLAGS=0x00010202

Top of Stack: (sp=0x15e4e974)
0x15e4e974:   00000002 00000120 1bdb0000 1bf08020
0x15e4e984:   15e4e9bc 5964bbb2 1bdb0000 17efa2d0
0x15e4e994:   00000000 00000120 1bf08020 1bdb0000
0x15e4e9a4:   00000007 1bf08020 1bde0380 17efa2d0
0x15e4e9b4:   00000000 00000000 15e4e9dc 59648b26
0x15e4e9c4:   00db0000 00000007 00000000 00000120
0x15e4e9d4:   00000080 1bdb0000 15e4ea08 58cb4ec9
0x15e4e9e4:   1bdb0000 00000007 00000000 00000120 

Instructions: (pc=0x1b97faf4)
0x1b97fad4:   5c 24 18 8b 44 24 1c 8b 4c 24 20 8b 54 24 24 8b
0x1b97fae4:   35 80 0c de 1b 8b 76 04 8d 3c 49 8d 34 be 8b 3e
0x1b97faf4:   8b 6e 04 89 38 89 68 04 8b 7e 08 89 78 08 8b 35
0x1b97fb04:   80 0c de 1b 8b b6 44 01 00 00 8d 34 ce 8b 3e 8b 


Register to memory mapping:

EAX=0x17efb39c is an unknown value
EBX=0x1bdb0000 is an unknown value
ECX=0x000000d7 is an unknown value
EDX=0x00000049 is an unknown value
ESP=0x15e4e974 is pointing into the stack for thread: 0x14f7a000
EBP=0x3dfe0000 is an unknown value
ESI=0x1a6a5ffc is an unknown value
EDI=0x00039000 is an unknown value


Stack: [0x15e00000,0x15e50000],  sp=0x15e4e974,  free space=314k
Native frames: (J=compiled Java code, j=interpreted, Vv=VM code, C=native code)
C  0x1b97faf4

Java frames: (J=compiled Java code, j=interpreted, Vv=VM code)
j  jogamp.opengl.gl4.GL4bcImpl.dispatch_glDrawArrays1(IIIJ)V+0
j  jogamp.opengl.gl4.GL4bcImpl.glDrawArrays(III)V+39
j  pkg.skapik.icp.assets.Block.draw(Ljavax/media/opengl/GL2;F)V+107
j  pkg.skapik.icp.func.Renderer.draw_world()V+97
j  pkg.skapik.icp.func.Renderer.render(Ljavax/media/opengl/GLAutoDrawable;)V+187
j  pkg.skapik.icp.func.Renderer.display(Ljavax/media/opengl/GLAutoDrawable;)V+6
j  jogamp.opengl.GLDrawableHelper.display(Ljavax/media/opengl/GLAutoDrawable;)V+54
j  javax.media.opengl.awt.GLCanvas$DisplayAction.run()V+121
j  jogamp.opengl.GLDrawableHelper.invokeGL(Ljavax/media/opengl/GLDrawable;Ljavax/media/opengl/GLContext;Ljava/lang/Runnable;Ljava/lang/Runnable;)V+268
j  javax.media.opengl.awt.GLCanvas$DisplayOnEventDispatchThreadAction.run()V+35
j  java.awt.event.InvocationEvent.dispatch()V+11
j  java.awt.EventQueue.dispatchEventImpl(Ljava/awt/AWTEvent;Ljava/lang/Object;)V+21
j  java.awt.EventQueue.access$500(Ljava/awt/EventQueue;Ljava/awt/AWTEvent;Ljava/lang/Object;)V+3
j  java.awt.EventQueue$3.run()Ljava/lang/Void;+32
j  java.awt.EventQueue$3.run()Ljava/lang/Object;+1
v  ~StubRoutines::call_stub
j  java.security.AccessController.doPrivileged(Ljava/security/PrivilegedAction;Ljava/security/AccessControlContext;)Ljava/lang/Object;+0
j  java.security.ProtectionDomain$JavaSecurityAccessImpl.doIntersectionPrivilege(Ljava/security/PrivilegedAction;Ljava/security/AccessControlContext;Ljava/security/AccessControlContext;)Ljava/lang/Object;+18
j  java.awt.EventQueue.dispatchEvent(Ljava/awt/AWTEvent;)V+46
j  java.awt.EventDispatchThread.pumpOneEventForFilters(I)V+245
j  java.awt.EventDispatchThread.pumpEventsForFilter(ILjava/awt/Conditional;Ljava/awt/EventFilter;)V+35
j  java.awt.EventDispatchThread.pumpEventsForHierarchy(ILjava/awt/Conditional;Ljava/awt/Component;)V+11
j  java.awt.EventDispatchThread.pumpEvents(ILjava/awt/Conditional;)V+4
j  java.awt.EventDispatchThread.pumpEvents(Ljava/awt/Conditional;)V+3
j  java.awt.EventDispatchThread.run()V+9
v  ~StubRoutines::call_stub

---------------  P R O C E S S  ---------------

Java Threads: ( => current thread )
  0x00d8c400 JavaThread "DestroyJavaVM" [_thread_blocked, id=5492, stack(0x011e0000,0x01230000)]
  0x1a66ec00 JavaThread "D3D Screen Updater" daemon [_thread_blocked, id=10836, stack(0x1bd20000,0x1bd70000)]
  0x1a664c00 JavaThread "Timer-0" [_thread_blocked, id=7024, stack(0x1b6f0000,0x1b740000)]
  0x1a37f000 JavaThread "main-SharedResourceRunner" daemon [_thread_blocked, id=792, stack(0x1afd0000,0x1b020000)]
=>0x14f7a000 JavaThread "AWT-EventQueue-0" [_thread_in_native, id=9640, stack(0x15e00000,0x15e50000)]
  0x14f5b400 JavaThread "AWT-Windows" daemon [_thread_in_native, id=7692, stack(0x15760000,0x157b0000)]
  0x14f59800 JavaThread "AWT-Shutdown" [_thread_blocked, id=8148, stack(0x156b0000,0x15700000)]
  0x14f58c00 JavaThread "Java2D Disposer" daemon [_thread_blocked, id=2852, stack(0x15620000,0x15670000)]
  0x14e0b800 JavaThread "Service Thread" daemon [_thread_blocked, id=2836, stack(0x153f0000,0x15440000)]
  0x14e04c00 JavaThread "C1 CompilerThread0" daemon [_thread_blocked, id=11056, stack(0x15360000,0x153b0000)]
  0x14e03400 JavaThread "Attach Listener" daemon [_thread_blocked, id=8296, stack(0x152d0000,0x15320000)]
  0x14e0d400 JavaThread "Signal Dispatcher" daemon [_thread_blocked, id=5188, stack(0x15240000,0x15290000)]
  0x14de6c00 JavaThread "Finalizer" daemon [_thread_blocked, id=9316, stack(0x150b0000,0x15100000)]
  0x14de2400 JavaThread "Reference Handler" daemon [_thread_blocked, id=4356, stack(0x15020000,0x15070000)]

Other Threads:
  0x027ec000 VMThread [stack: 0x14d90000,0x14de0000] [id=6184]
  0x14e32800 WatcherThread [stack: 0x15480000,0x154d0000] [id=8528]

VM state:not at safepoint (normal execution)

VM Mutex/Monitor currently owned by a thread: None

Heap:
 def new generation   total 11520K, used 414K [0x04800000, 0x05470000, 0x09d50000)
  eden space 10304K,   4% used [0x04800000, 0x048679b0, 0x05210000)
  from space 1216K,   0% used [0x05210000, 0x05210000, 0x05340000)
  to   space 1216K,   0% used [0x05340000, 0x05340000, 0x05470000)
 tenured generation   total 62228K, used 52078K [0x09d50000, 0x0da15000, 0x14800000)
   the space 62228K,  83% used [0x09d50000, 0x0d02ba30, 0x0d02bc00, 0x0da15000)
 Metaspace       used 7923K, capacity 8103K, committed 8192K, reserved 8576K

Card table byte_map: [0x14800000,0x14890000] byte_map_base: 0x147dc000

Polling page: 0x00dd0000

CodeCache: size=32768Kb used=1071Kb max_used=1071Kb free=31696Kb
 bounds [0x027f0000, 0x02900000, 0x047f0000]
 total_blobs=702 nmethods=280 adapters=353
 compilation: enabled

Compilation events (10 events):
Event: 1.753 Thread 0x14e04c00 nmethod 274% 0x028f84c8 code [0x028f8740, 0x028f9238]
Event: 1.784 Thread 0x14e04c00  275             java.nio.Buffer::nextPutIndex (31 bytes)
Event: 1.784 Thread 0x14e04c00 nmethod 275 0x028faa88 code [0x028fab90, 0x028fac6c]
Event: 1.784 Thread 0x14e04c00  276             java.nio.DirectFloatBufferU::ix (10 bytes)
Event: 1.784 Thread 0x14e04c00 nmethod 276 0x028fad08 code [0x028fae00, 0x028faeb0]
Event: 1.784 Thread 0x14e04c00  277             jogamp.opengl.GLContextImpl::getGLProcAddressTable (5 bytes)
Event: 1.784 Thread 0x14e04c00 nmethod 277 0x028faf08 code [0x028fb000, 0x028fb080]
Event: 1.784 Thread 0x14e04c00  279             java.nio.DirectFloatBufferU::put (17 bytes)
Event: 1.785 Thread 0x14e04c00 nmethod 279 0x028fb0c8 code [0x028fb1d0, 0x028fb2cc]
Event: 1.785 Thread 0x14e04c00  280             pkg.skapik.icp.assets.Block::<init> (534 bytes)

GC Heap History (10 events):
Event: 0.701 GC heap before
{Heap before GC invocations=5 (full 0):
 def new generation   total 4928K, used 4642K [0x04800000, 0x04d50000, 0x09d50000)
  eden space 4416K, 100% used [0x04800000, 0x04c50000, 0x04c50000)
  from space 512K,  44% used [0x04cd0000, 0x04d089b8, 0x04d50000)
  to   space 512K,   0% used [0x04c50000, 0x04c50000, 0x04cd0000)
 tenured generation   total 10944K, used 1706K [0x09d50000, 0x0a800000, 0x14800000)
   the space 10944K,  15% used [0x09d50000, 0x09efaad0, 0x09efac00, 0x0a800000)
 Metaspace       used 5811K, capacity 5961K, committed 6016K, reserved 6528K
Event: 0.701 GC heap after
Heap after GC invocations=6 (full 0):
 def new generation   total 4928K, used 267K [0x04800000, 0x04d50000, 0x09d50000)
  eden space 4416K,   0% used [0x04800000, 0x04800000, 0x04c50000)
  from space 512K,  52% used [0x04c50000, 0x04c92ef8, 0x04cd0000)
  to   space 512K,   0% used [0x04cd0000, 0x04cd0000, 0x04d50000)
 tenured generation   total 10944K, used 1706K [0x09d50000, 0x0a800000, 0x14800000)
   the space 10944K,  15% used [0x09d50000, 0x09efaad0, 0x09efac00, 0x0a800000)
 Metaspace       used 5811K, capacity 5961K, committed 6016K, reserved 6528K
}
Event: 0.723 GC heap before
{Heap before GC invocations=6 (full 0):
 def new generation   total 4928K, used 4683K [0x04800000, 0x04d50000, 0x09d50000)
  eden space 4416K, 100% used [0x04800000, 0x04c50000, 0x04c50000)
  from space 512K,  52% used [0x04c50000, 0x04c92ef8, 0x04cd0000)
  to   space 512K,   0% used [0x04cd0000, 0x04cd0000, 0x04d50000)
 tenured generation   total 10944K, used 1706K [0x09d50000, 0x0a800000, 0x14800000)
   the space 10944K,  15% used [0x09d50000, 0x09efaad0, 0x09efac00, 0x0a800000)
 Metaspace       used 5811K, capacity 5961K, committed 6016K, reserved 6528K
Event: 0.723 GC heap after
Heap after GC invocations=7 (full 0):
 def new generation   total 4928K, used 230K [0x04800000, 0x04d50000, 0x09d50000)
  eden space 4416K,   0% used [0x04800000, 0x04800000, 0x04c50000)
  from space 512K,  45% used [0x04cd0000, 0x04d09bd8, 0x04d50000)
  to   space 512K,   0% used [0x04c50000, 0x04c50000, 0x04cd0000)
 tenured generation   total 10944K, used 1784K [0x09d50000, 0x0a800000, 0x14800000)
   the space 10944K,  16% used [0x09d50000, 0x09f0e1f8, 0x09f0e200, 0x0a800000)
 Metaspace       used 5811K, capacity 5961K, committed 6016K, reserved 6528K
}
Event: 0.744 GC heap before
{Heap before GC invocations=7 (full 0):
 def new generation   total 4928K, used 4646K [0x04800000, 0x04d50000, 0x09d50000)
  eden space 4416K, 100% used [0x04800000, 0x04c50000, 0x04c50000)
  from space 512K,  45% used [0x04cd0000, 0x04d09bd8, 0x04d50000)
  to   space 512K,   0% used [0x04c50000, 0x04c50000, 0x04cd0000)
 tenured generation   total 10944K, used 1784K [0x09d50000, 0x0a800000, 0x14800000)
   the space 10944K,  16% used [0x09d50000, 0x09f0e1f8, 0x09f0e200, 0x0a800000)
 Metaspace       used 5811K, capacity 5961K, committed 6016K, reserved 6528K
Event: 0.745 GC heap after
Heap after GC invocations=8 (full 0):
 def new generation   total 4928K, used 197K [0x04800000, 0x04d50000, 0x09d50000)
  eden space 4416K,   0% used [0x04800000, 0x04800000, 0x04c50000)
  from space 512K,  38% used [0x04c50000, 0x04c816b8, 0x04cd0000)
  to   space 512K,   0% used [0x04cd0000, 0x04cd0000, 0x04d50000)
 tenured generation   total 10944K, used 1784K [0x09d50000, 0x0a800000, 0x14800000)
   the space 10944K,  16% used [0x09d50000, 0x09f0e1f8, 0x09f0e200, 0x0a800000)
 Metaspace       used 5811K, capacity 5961K, committed 6016K, reserved 6528K
}
Event: 1.424 GC heap before
{Heap before GC invocations=8 (full 0):
 def new generation   total 4928K, used 2896K [0x04800000, 0x04d50000, 0x09d50000)
  eden space 4416K,  61% used [0x04800000, 0x04aa2bd8, 0x04c50000)
  from space 512K,  38% used [0x04c50000, 0x04c816b8, 0x04cd0000)
  to   space 512K,   0% used [0x04cd0000, 0x04cd0000, 0x04d50000)
 tenured generation   total 10944K, used 1784K [0x09d50000, 0x0a800000, 0x14800000)
   the space 10944K,  16% used [0x09d50000, 0x09f0e1f8, 0x09f0e200, 0x0a800000)
 Metaspace       used 7795K, capacity 7975K, committed 8064K, reserved 8576K
Event: 1.434 GC heap after
Heap after GC invocations=9 (full 1):
 def new generation   total 4992K, used 0K [0x04800000, 0x04d60000, 0x09d50000)
  eden space 4480K,   0% used [0x04800000, 0x04800000, 0x04c60000)
  from space 512K,   0% used [0x04c60000, 0x04c60000, 0x04ce0000)
  to   space 512K,   0% used [0x04ce0000, 0x04ce0000, 0x04d60000)
 tenured generation   total 10944K, used 2832K [0x09d50000, 0x0a800000, 0x14800000)
   the space 10944K,  25% used [0x09d50000, 0x0a0141c0, 0x0a014200, 0x0a800000)
 Metaspace       used 7795K, capacity 7975K, committed 8064K, reserved 8576K
}
Event: 1.689 GC heap before
{Heap before GC invocations=9 (full 1):
 def new generation   total 4992K, used 556K [0x04800000, 0x04d60000, 0x09d50000)
  eden space 4480K,  12% used [0x04800000, 0x0488b160, 0x04c60000)
  from space 512K,   0% used [0x04c60000, 0x04c60000, 0x04ce0000)
  to   space 512K,   0% used [0x04ce0000, 0x04ce0000, 0x04d60000)
 tenured generation   total 23236K, used 15120K [0x09d50000, 0x0b401000, 0x14800000)
   the space 23236K,  65% used [0x09d50000, 0x0ac141d0, 0x0ac14200, 0x0b401000)
 Metaspace       used 7890K, capacity 8071K, committed 8192K, reserved 8576K
Event: 1.696 GC heap after
Heap after GC invocations=10 (full 2):
 def new generation   total 11520K, used 0K [0x04800000, 0x05470000, 0x09d50000)
  eden space 10304K,   0% used [0x04800000, 0x04800000, 0x05210000)
  from space 1216K,   0% used [0x05210000, 0x05210000, 0x05340000)
  to   space 1216K,   0% used [0x05340000, 0x05340000, 0x05470000)
 tenured generation   total 25360K, used 15214K [0x09d50000, 0x0b614000, 0x14800000)
   the space 25360K,  59% used [0x09d50000, 0x0ac2ba20, 0x0ac2bc00, 0x0b614000)
 Metaspace       used 7890K, capacity 8071K, committed 8192K, reserved 8576K
}

Deoptimization events (0 events):
No events

Internal exceptions (10 events):
Event: 0.139 Thread 0x00d8c400 Exception <a 'java/security/PrivilegedActionException'> (0x0492bbd0) thrown at [C:\re\workspace\8-2-build-windows-i586-cygwin\jdk8u66\5298\hotspot\src\share\vm\prims\jvm.cpp, line 1386]
Event: 0.139 Thread 0x00d8c400 Exception <a 'java/security/PrivilegedActionException'> (0x0492bdd0) thrown at [C:\re\workspace\8-2-build-windows-i586-cygwin\jdk8u66\5298\hotspot\src\share\vm\prims\jvm.cpp, line 1386]
Event: 0.139 Thread 0x00d8c400 Exception <a 'java/security/PrivilegedActionException'> (0x0492fd70) thrown at [C:\re\workspace\8-2-build-windows-i586-cygwin\jdk8u66\5298\hotspot\src\share\vm\prims\jvm.cpp, line 1386]
Event: 0.139 Thread 0x00d8c400 Exception <a 'java/security/PrivilegedActionException'> (0x0492ff70) thrown at [C:\re\workspace\8-2-build-windows-i586-cygwin\jdk8u66\5298\hotspot\src\share\vm\prims\jvm.cpp, line 1386]
Event: 0.143 Thread 0x00d8c400 Exception <a 'java/io/FileNotFoundException'> (0x04932078) thrown at [C:\re\workspace\8-2-build-windows-i586-cygwin\jdk8u66\5298\hotspot\src\share\vm\prims\jni.cpp, line 709]
Event: 0.174 Thread 0x00d8c400 Exception <a 'java/lang/NoSuchFieldError': method resolution failed> (0x049ed438) thrown at [C:\re\workspace\8-2-build-windows-i586-cygwin\jdk8u66\5298\hotspot\src\share\vm\prims\methodHandles.cpp, line 1146]
Event: 0.176 Thread 0x00d8c400 Exception <a 'java/lang/NoSuchFieldError': method resolution failed> (0x049f95d8) thrown at [C:\re\workspace\8-2-build-windows-i586-cygwin\jdk8u66\5298\hotspot\src\share\vm\prims\methodHandles.cpp, line 1146]
Event: 0.208 Thread 0x00d8c400 Exception <a 'java/io/FileNotFoundException'> (0x04a76470) thrown at [C:\re\workspace\8-2-build-windows-i586-cygwin\jdk8u66\5298\hotspot\src\share\vm\prims\jni.cpp, line 709]
Event: 0.300 Thread 0x00d8c400 Exception <a 'java/lang/NullPointerException'> (0x04b9d598) thrown at [C:\re\workspace\8-2-build-windows-i586-cygwin\jdk8u66\5298\hotspot\src\share\vm\interpreter\linkResolver.cpp, line 1178]
Event: 0.832 Thread 0x00d8c400 Exception <a 'java/lang/reflect/InvocationTargetException'> (0x0498c358) thrown at [C:\re\workspace\8-2-build-windows-i586-cygwin\jdk8u66\5298\hotspot\src\share\vm\runtime\reflection.cpp, line 1092]

Events (10 events):
Event: 1.748 loading class pkg/skapik/icp/assets/World_generator
Event: 1.748 loading class pkg/skapik/icp/assets/World_generator done
Event: 1.749 loading class java/util/concurrent/ThreadLocalRandom
Event: 1.749 loading class java/util/Random
Event: 1.749 loading class java/util/Random done
Event: 1.749 loading class java/util/concurrent/ThreadLocalRandom done
Event: 1.749 loading class java/util/concurrent/atomic/AtomicLong
Event: 1.749 loading class java/util/concurrent/atomic/AtomicLong done
Event: 1.776 loading class pkg/skapik/icp/assets/Block
Event: 1.777 loading class pkg/skapik/icp/assets/Block done


Dynamic libraries:
0x012b0000 - 0x012e3000 	C:\Program Files (x86)\Java\jre1.8.0_66\bin\javaw.exe
0x77760000 - 0x778d9000 	C:\Windows\SYSTEM32\ntdll.dll
0x74ec0000 - 0x74fb0000 	C:\Windows\SYSTEM32\KERNEL32.DLL
0x774c0000 - 0x77636000 	C:\Windows\SYSTEM32\KERNELBASE.dll
0x750c0000 - 0x7513b000 	C:\Windows\SYSTEM32\ADVAPI32.dll
0x74890000 - 0x7494e000 	C:\Windows\SYSTEM32\msvcrt.dll
0x773d0000 - 0x77413000 	C:\Windows\SYSTEM32\sechost.dll
0x767e0000 - 0x7688c000 	C:\Windows\SYSTEM32\RPCRT4.dll
0x74870000 - 0x7488e000 	C:\Windows\SYSTEM32\SspiCli.dll
0x74860000 - 0x7486a000 	C:\Windows\SYSTEM32\CRYPTBASE.dll
0x74800000 - 0x74859000 	C:\Windows\SYSTEM32\bcryptPrimitives.dll
0x766a0000 - 0x767e0000 	C:\Windows\SYSTEM32\USER32.dll
0x76ce0000 - 0x76e2d000 	C:\Windows\SYSTEM32\GDI32.dll
0x71520000 - 0x71729000 	C:\Windows\WinSxS\x86_microsoft.windows.common-controls_6595b64144ccf1df_6.0.10240.16384_none_3bccb1ff6bcd1849\COMCTL32.dll
0x77640000 - 0x7766b000 	C:\Windows\SYSTEM32\IMM32.DLL
0x74c60000 - 0x74d80000 	C:\Windows\SYSTEM32\MSCTF.dll
0x6a720000 - 0x6a7df000 	C:\Program Files (x86)\Java\jre1.8.0_66\bin\msvcr100.dll
0x6d980000 - 0x6dd45000 	C:\Program Files (x86)\Java\jre1.8.0_66\bin\client\jvm.dll
0x749e0000 - 0x749e6000 	C:\Windows\SYSTEM32\PSAPI.DLL
0x71ee0000 - 0x71ee8000 	C:\Windows\SYSTEM32\WSOCK32.dll
0x707d0000 - 0x707f4000 	C:\Windows\SYSTEM32\WINMM.dll
0x768f0000 - 0x7694c000 	C:\Windows\SYSTEM32\WS2_32.dll
0x747f0000 - 0x747f8000 	C:\Windows\SYSTEM32\VERSION.dll
0x76950000 - 0x76957000 	C:\Windows\SYSTEM32\NSI.dll
0x707a0000 - 0x707c3000 	C:\Windows\SYSTEM32\winmmbase.dll
0x74e20000 - 0x74e56000 	C:\Windows\SYSTEM32\cfgmgr32.dll
0x74730000 - 0x74751000 	C:\Windows\SYSTEM32\DEVOBJ.dll
0x70820000 - 0x7082c000 	C:\Program Files (x86)\Java\jre1.8.0_66\bin\verify.dll
0x70710000 - 0x70731000 	C:\Program Files (x86)\Java\jre1.8.0_66\bin\java.dll
0x70800000 - 0x70813000 	C:\Program Files (x86)\Java\jre1.8.0_66\bin\zip.dll
0x75140000 - 0x764fe000 	C:\Windows\SYSTEM32\SHELL32.dll
0x76ef0000 - 0x773cc000 	C:\Windows\SYSTEM32\windows.storage.dll
0x76970000 - 0x76b2a000 	C:\Windows\SYSTEM32\combase.dll
0x77470000 - 0x774b4000 	C:\Windows\SYSTEM32\shlwapi.dll
0x75090000 - 0x7509c000 	C:\Windows\SYSTEM32\kernel.appcore.dll
0x75000000 - 0x7508d000 	C:\Windows\SYSTEM32\shcore.dll
0x77420000 - 0x77464000 	C:\Windows\SYSTEM32\powrprof.dll
0x76960000 - 0x7696f000 	C:\Windows\SYSTEM32\profapi.dll
0x59d50000 - 0x5b1bb000 	C:\opencv\build\java\x86\opencv_java300.dll
0x77670000 - 0x7775a000 	C:\Windows\SYSTEM32\ole32.dll
0x74d80000 - 0x74e12000 	C:\Windows\SYSTEM32\OLEAUT32.dll
0x6a6f0000 - 0x6a713000 	C:\Windows\SYSTEM32\MSVFW32.dll
0x6a6d0000 - 0x6a6ec000 	C:\Windows\SYSTEM32\AVIFIL32.dll
0x6a6b0000 - 0x6a6c4000 	C:\Windows\SYSTEM32\AVICAP32.dll
0x67630000 - 0x67648000 	C:\Windows\SYSTEM32\MSACM32.dll
0x6a560000 - 0x6a6a5000 	C:\Program Files (x86)\Java\jre1.8.0_66\bin\awt.dll
0x71910000 - 0x719a1000 	C:\Windows\system32\apphelp.dll
0x70be0000 - 0x70bfd000 	C:\Windows\system32\DWMAPI.DLL
0x710c0000 - 0x71135000 	C:\Windows\system32\uxtheme.dll
0x6f420000 - 0x6f5ec000 	C:\Windows\system32\d3d9.dll
0x6e3e0000 - 0x6efe3000 	C:\Windows\SYSTEM32\nvd3dum.dll
0x15c60000 - 0x15dbc000 	C:\Windows\system32\nvspcap.dll
0x76b30000 - 0x76cd5000 	C:\Windows\SYSTEM32\SETUPAPI.dll
0x74540000 - 0x745e7000 	C:\Windows\SYSTEM32\WINHTTP.dll
0x6e0c0000 - 0x6e3d1000 	C:\Windows\system32\nvapi.dll
0x683d0000 - 0x684ff000 	C:\Program Files (x86)\NVIDIA Corporation\3D Vision\nvSCPAPI.dll
0x637c0000 - 0x637ca000 	C:\jogl-2.0-b23-20110303-windows-i586\lib\gluegen-rt.dll
0x6a550000 - 0x6a556000 	C:\Program Files (x86)\Java\jre1.8.0_66\bin\jawt.dll
0x6a440000 - 0x6a44a000 	C:\jogl-2.0-b23-20110303-windows-i586\lib\nativewindow_awt.dll
0x6c100000 - 0x6c110000 	C:\jogl-2.0-b23-20110303-windows-i586\lib\nativewindow_win32.dll
0x679d0000 - 0x67ab0000 	C:\Windows\SYSTEM32\OpenGL32.dll
0x5ff70000 - 0x6005b000 	C:\Windows\SYSTEM32\DDRAW.dll
0x68e80000 - 0x68ea5000 	C:\Windows\SYSTEM32\GLU32.dll
0x68e70000 - 0x68e77000 	C:\Windows\SYSTEM32\DCIMAN32.dll
0x64500000 - 0x6456d000 	C:\jogl-2.0-b23-20110303-windows-i586\lib\jogl_desktop.dll
0x58b70000 - 0x59d47000 	C:\Windows\SYSTEM32\nvoglv32.DLL
0x71730000 - 0x7173f000 	C:\Windows\SYSTEM32\WTSAPI32.dll
0x74fb0000 - 0x74ff2000 	C:\Windows\SYSTEM32\WINTRUST.dll
0x76500000 - 0x7650e000 	C:\Windows\SYSTEM32\MSASN1.dll
0x76510000 - 0x76685000 	C:\Windows\SYSTEM32\CRYPT32.dll
0x74700000 - 0x74728000 	C:\Windows\SYSTEM32\ntmarta.dll
0x709e0000 - 0x70a24000 	C:\Windows\SYSTEM32\WINSTA.dll
0x6a510000 - 0x6a549000 	C:\Program Files (x86)\Java\jre1.8.0_66\bin\fontmanager.dll
0x718c0000 - 0x718f7000 	C:\Program Files\ASUS\Bluetooth Software\SysWOW64\BtMmHook.dll
0x70d10000 - 0x70e4f000 	C:\Windows\SYSTEM32\dbghelp.dll

VM Arguments:
jvm_args: -Djava.library.path=C:\jogl-2.0-b23-20110303-windows-i586\lib;C:\jogl-2.0-b23-20110303-windows-i586\lib;C:\jogl-2.0-b23-20110303-windows-i586\lib;C:\jogl-2.0-b23-20110303-windows-i586\lib;C:\opencv\build\java\x86 -Dfile.encoding=Cp1252 
java_command: pkg.skapik.icp.main.Game
java_class_path (initial): E:\Workspace\Game\bin;C:\jogl-2.0-b23-20110303-windows-i586\jar\gluegen-rt.jar;C:\jogl-2.0-b23-20110303-windows-i586\jar\jogl.all.jar;C:\jogl-2.0-b23-20110303-windows-i586\jar\nativewindow.all.jar;C:\jogl-2.0-b23-20110303-windows-i586\jar\newt.all.jar;C:\opencv\build\java\opencv-300.jar
Launcher Type: SUN_STANDARD

Environment Variables:
PATH=C:/Program Files (x86)/Java/jre1.8.0_66/bin/client;C:/Program Files (x86)/Java/jre1.8.0_66/bin;C:/Program Files (x86)/Java/jre1.8.0_66/lib/i386;C:\ProgramData\Oracle\Java\javapath;C:\Windows\system32;C:\Windows;C:\Windows\System32\Wbem;C:\Windows\System32\WindowsPowerShell\v1.0\;C:\Program Files (x86)\NVIDIA Corporation\PhysX\Common;C:\Program Files (x86)\Skype\Phone\;C:\Program Files\ASUS\Bluetooth Software\;C:\Program Files\ASUS\Bluetooth Software\syswow64;C:\Program Files (x86)\Windows Kits\8.1\Windows Performance Toolkit\;C:\Program Files\Microsoft SQL Server\110\Tools\Binn\;C:\Program Files (x86)\Microsoft SDKs\TypeScript\1.0\;C:\Program Files\Microsoft SQL Server\120\Tools\Binn\;C:\eclipse;
USERNAME=sauCEPan
OS=Windows_NT
PROCESSOR_IDENTIFIER=Intel64 Family 6 Model 58 Stepping 9, GenuineIntel



---------------  S Y S T E M  ---------------

OS: Windows 10.0 , 64 bit Build 10240 (10.0.10240.16384)

CPU:total 4 (4 cores per cpu, 1 threads per core) family 6 model 58 stepping 9, cmov, cx8, fxsr, mmx, sse, sse2, sse3, ssse3, sse4.1, sse4.2, popcnt, avx, aes, clmul, erms, tsc, tscinvbit, tscinv

Memory: 4k page, physical 8351212k(5208468k free), swap 14642668k(9588676k free)

vm_info: Java HotSpot(TM) Client VM (25.66-b18) for windows-x86 JRE (1.8.0_66-b18), built on Nov  9 2015 10:58:29 by "java_re" with MS VC++ 10.0 (VS2010)

time: Fri Dec 11 22:11:50 2015
elapsed time: 1 seconds (0d 0h 0m 1s)

